  [1m[36m (15.6ms)[0m  [1mCREATE TABLE "schema_migrations" ("version" character varying NOT NULL) [0m
  [1m[35m (2.9ms)[0m  CREATE UNIQUE INDEX  "unique_schema_migrations" ON "schema_migrations"  ("version")
  [1m[36mActiveRecord::SchemaMigration Load (2.1ms)[0m  [1mSELECT "schema_migrations".* FROM "schema_migrations"[0m
Migrating to CreateStickers (20151109233140)
  [1m[35m (0.3ms)[0m  BEGIN
  [1m[36m (8.8ms)[0m  [1mCREATE TABLE "stickers" ("id" serial primary key, "title" character varying, "image_url" character varying, "price" integer, "created_at" timestamp NOT NULL, "updated_at" timestamp NOT NULL) [0m
  [1m[35mSQL (1.3ms)[0m  INSERT INTO "schema_migrations" ("version") VALUES ($1)  [["version", "20151109233140"]]
  [1m[36m (1.0ms)[0m  [1mCOMMIT[0m
Migrating to CreateCategories (20151110014522)
  [1m[35m (0.7ms)[0m  BEGIN
  [1m[36m (5.3ms)[0m  [1mCREATE TABLE "categories" ("id" serial primary key, "title" character varying, "created_at" timestamp NOT NULL, "updated_at" timestamp NOT NULL) [0m
  [1m[35mSQL (0.9ms)[0m  INSERT INTO "schema_migrations" ("version") VALUES ($1)  [["version", "20151110014522"]]
  [1m[36m (0.5ms)[0m  [1mCOMMIT[0m
Migrating to AddCategoryRefToStickers (20151110014651)
  [1m[35m (0.3ms)[0m  BEGIN
  [1m[36m (1.8ms)[0m  [1mALTER TABLE "stickers" ADD "category_id" integer[0m
  [1m[35m (1.7ms)[0m  CREATE  INDEX  "index_stickers_on_category_id" ON "stickers"  ("category_id")
  [1m[36m (12.4ms)[0m  [1mALTER TABLE "stickers" ADD CONSTRAINT "fk_rails_9be81ac043"
FOREIGN KEY ("category_id")
  REFERENCES "categories" ("id")
[0m
  [1m[35mSQL (0.2ms)[0m  INSERT INTO "schema_migrations" ("version") VALUES ($1)  [["version", "20151110014651"]]
  [1m[36m (1.4ms)[0m  [1mCOMMIT[0m
Migrating to AddDescriptionToSticker (20151110162749)
  [1m[35m (0.2ms)[0m  BEGIN
  [1m[36m (0.4ms)[0m  [1mALTER TABLE "stickers" ADD "description" text[0m
  [1m[35mSQL (0.2ms)[0m  INSERT INTO "schema_migrations" ("version") VALUES ($1)  [["version", "20151110162749"]]
  [1m[36m (0.4ms)[0m  [1mCOMMIT[0m
Migrating to AddSlugToCategory (20151110222025)
  [1m[35m (0.2ms)[0m  BEGIN
  [1m[36m (0.5ms)[0m  [1mALTER TABLE "categories" ADD "slug" character varying[0m
  [1m[35mSQL (0.2ms)[0m  INSERT INTO "schema_migrations" ("version") VALUES ($1)  [["version", "20151110222025"]]
  [1m[36m (0.4ms)[0m  [1mCOMMIT[0m
Migrating to CreateUsers (20151111025316)
  [1m[35m (0.2ms)[0m  BEGIN
  [1m[36m (4.4ms)[0m  [1mCREATE TABLE "users" ("id" serial primary key, "first_name" character varying, "last_name" character varying, "username" character varying, "password_digest" character varying, "created_at" timestamp NOT NULL, "updated_at" timestamp NOT NULL) [0m
  [1m[35mSQL (0.2ms)[0m  INSERT INTO "schema_migrations" ("version") VALUES ($1)  [["version", "20151111025316"]]
  [1m[36m (0.7ms)[0m  [1mCOMMIT[0m
Migrating to CreateOrders (20151112021959)
  [1m[35m (0.6ms)[0m  BEGIN
  [1m[36m (6.8ms)[0m  [1mCREATE TABLE "orders" ("id" serial primary key, "status" character varying, "user_id" integer, "created_at" timestamp NOT NULL, "updated_at" timestamp NOT NULL) [0m
  [1m[35m (1.9ms)[0m  CREATE  INDEX  "index_orders_on_user_id" ON "orders"  ("user_id")
  [1m[36m (10.0ms)[0m  [1mALTER TABLE "orders" ADD CONSTRAINT "fk_rails_f868b47f6a"
FOREIGN KEY ("user_id")
  REFERENCES "users" ("id")
[0m
  [1m[35mSQL (0.2ms)[0m  INSERT INTO "schema_migrations" ("version") VALUES ($1)  [["version", "20151112021959"]]
  [1m[36m (0.6ms)[0m  [1mCOMMIT[0m
Migrating to AddRoleToUsers (20151114022109)
  [1m[35m (0.5ms)[0m  BEGIN
  [1m[36m (8.0ms)[0m  [1mALTER TABLE "users" ADD "role" integer DEFAULT 0[0m
  [1m[35mSQL (0.3ms)[0m  INSERT INTO "schema_migrations" ("version") VALUES ($1)  [["version", "20151114022109"]]
  [1m[36m (5.1ms)[0m  [1mCOMMIT[0m
Migrating to CreateOrderStickers (20151114184730)
  [1m[35m (0.2ms)[0m  BEGIN
  [1m[36m (3.1ms)[0m  [1mCREATE TABLE "order_stickers" ("id" serial primary key, "quantity" integer, "order_id" integer, "sticker_id" integer, "created_at" timestamp NOT NULL, "updated_at" timestamp NOT NULL) [0m
  [1m[35m (1.5ms)[0m  CREATE  INDEX  "index_order_stickers_on_order_id" ON "order_stickers"  ("order_id")
  [1m[36m (1.3ms)[0m  [1mCREATE  INDEX  "index_order_stickers_on_sticker_id" ON "order_stickers"  ("sticker_id")[0m
  [1m[35m (8.4ms)[0m  ALTER TABLE "order_stickers" ADD CONSTRAINT "fk_rails_a163a7139d"
FOREIGN KEY ("order_id")
  REFERENCES "orders" ("id")

  [1m[36m (2.3ms)[0m  [1mALTER TABLE "order_stickers" ADD CONSTRAINT "fk_rails_64d393616e"
FOREIGN KEY ("sticker_id")
  REFERENCES "stickers" ("id")
[0m
  [1m[35mSQL (0.2ms)[0m  INSERT INTO "schema_migrations" ("version") VALUES ($1)  [["version", "20151114184730"]]
  [1m[36m (0.7ms)[0m  [1mCOMMIT[0m
Migrating to AddRetiredColumnToSticker (20151114193643)
  [1m[35m (0.6ms)[0m  BEGIN
  [1m[36m (6.7ms)[0m  [1mALTER TABLE "stickers" ADD "retired?" boolean DEFAULT 'f'[0m
  [1m[35mSQL (0.3ms)[0m  INSERT INTO "schema_migrations" ("version") VALUES ($1)  [["version", "20151114193643"]]
  [1m[36m (1.6ms)[0m  [1mCOMMIT[0m
Migrating to AddImageToStickers (20151115161330)
  [1m[35m (0.3ms)[0m  BEGIN
  [1m[36m (0.7ms)[0m  [1mALTER TABLE "stickers" ADD "image_file_name" character varying[0m
  [1m[35m (0.5ms)[0m  ALTER TABLE "stickers" ADD "image_content_type" character varying
  [1m[36m (0.7ms)[0m  [1mALTER TABLE "stickers" ADD "image_file_size" integer[0m
  [1m[35m (0.5ms)[0m  ALTER TABLE "stickers" ADD "image_updated_at" timestamp
  [1m[36mSQL (0.2ms)[0m  [1mINSERT INTO "schema_migrations" ("version") VALUES ($1)[0m  [["version", "20151115161330"]]
  [1m[35m (0.5ms)[0m  COMMIT
Migrating to RenameStickerColumnName (20151116224156)
  [1m[36m (0.2ms)[0m  [1mBEGIN[0m
  [1m[35m (1.0ms)[0m  ALTER TABLE "stickers" RENAME COLUMN "retired?" TO "retired"
  [1m[36mSQL (0.3ms)[0m  [1mINSERT INTO "schema_migrations" ("version") VALUES ($1)[0m  [["version", "20151116224156"]]
  [1m[35m (0.5ms)[0m  COMMIT
Migrating to AddDefaultImageToStickers (20151117153302)
  [1m[36m (0.2ms)[0m  [1mBEGIN[0m
  [1m[35m (0.4ms)[0m  ALTER TABLE "stickers" ALTER COLUMN "image_url" SET DEFAULT 'http://cumbrianrun.co.uk/wp-content/uploads/2014/02/default-placeholder.png'
  [1m[36mSQL (0.2ms)[0m  [1mINSERT INTO "schema_migrations" ("version") VALUES ($1)[0m  [["version", "20151117153302"]]
  [1m[35m (0.4ms)[0m  COMMIT
Migrating to ChangeStickerPriceColumn (20151117192957)
  [1m[36m (0.1ms)[0m  [1mBEGIN[0m
  [1m[35m (7.4ms)[0m  ALTER TABLE "stickers" ALTER COLUMN "price" TYPE decimal
  [1m[36mSQL (0.2ms)[0m  [1mINSERT INTO "schema_migrations" ("version") VALUES ($1)[0m  [["version", "20151117192957"]]
  [1m[35m (7.9ms)[0m  COMMIT
Migrating to AddDefaultToStickerImage (20151117203807)
  [1m[36m (0.2ms)[0m  [1mBEGIN[0m
  [1m[35m (0.5ms)[0m  ALTER TABLE "stickers" ALTER COLUMN "image_file_name" SET DEFAULT 'http://cumbrianrun.co.uk/wp-content/uploads/2014/02/default-placeholder.png'
  [1m[36mSQL (0.2ms)[0m  [1mINSERT INTO "schema_migrations" ("version") VALUES ($1)[0m  [["version", "20151117203807"]]
  [1m[35m (0.5ms)[0m  COMMIT
Migrating to AddAddressToUsers (20151118202532)
  [1m[36m (0.1ms)[0m  [1mBEGIN[0m
  [1m[35m (0.4ms)[0m  ALTER TABLE "users" ADD "street_address" character varying
  [1m[36m (0.4ms)[0m  [1mALTER TABLE "users" ADD "city" character varying[0m
  [1m[35m (0.5ms)[0m  ALTER TABLE "users" ADD "state" character varying
  [1m[36m (0.5ms)[0m  [1mALTER TABLE "users" ADD "zip" character varying[0m
  [1m[35mSQL (0.2ms)[0m  INSERT INTO "schema_migrations" ("version") VALUES ($1)  [["version", "20151118202532"]]
  [1m[36m (0.4ms)[0m  [1mCOMMIT[0m
Migrating to ChangeDefaultImageFileName (20151119020639)
  [1m[35m (0.1ms)[0m  BEGIN
  [1m[36m (0.4ms)[0m  [1mALTER TABLE "stickers" ALTER COLUMN "image_file_name" DROP DEFAULT[0m
  [1m[35m (0.3ms)[0m  ALTER TABLE "stickers" ALTER COLUMN "image_url" DROP DEFAULT
  [1m[36mSQL (0.2ms)[0m  [1mINSERT INTO "schema_migrations" ("version") VALUES ($1)[0m  [["version", "20151119020639"]]
  [1m[35m (0.8ms)[0m  COMMIT
Migrating to AddScaleToStickersPrice (20151119162543)
  [1m[36m (0.3ms)[0m  [1mBEGIN[0m
  [1m[35m (6.9ms)[0m  ALTER TABLE "stickers" ALTER COLUMN "price" TYPE decimal(8,2)
  [1m[36mSQL (0.2ms)[0m  [1mINSERT INTO "schema_migrations" ("version") VALUES ($1)[0m  [["version", "20151119162543"]]
  [1m[35m (8.0ms)[0m  COMMIT
  [1m[36mActiveRecord::SchemaMigration Load (0.3ms)[0m  [1mSELECT "schema_migrations".* FROM "schema_migrations"[0m
  [1m[35m (4.8ms)[0m  SELECT t2.oid::regclass::text AS to_table, a1.attname AS column, a2.attname AS primary_key, c.conname AS name, c.confupdtype AS on_update, c.confdeltype AS on_delete
FROM pg_constraint c
JOIN pg_class t1 ON c.conrelid = t1.oid
JOIN pg_class t2 ON c.confrelid = t2.oid
JOIN pg_attribute a1 ON a1.attnum = c.conkey[1] AND a1.attrelid = t1.oid
JOIN pg_attribute a2 ON a2.attnum = c.confkey[1] AND a2.attrelid = t2.oid
JOIN pg_namespace t3 ON c.connamespace = t3.oid
WHERE c.contype = 'f'
  AND t1.relname = 'categories'
  AND t3.nspname = ANY (current_schemas(false))
ORDER BY c.conname

  [1m[36m (5.0ms)[0m  [1mSELECT t2.oid::regclass::text AS to_table, a1.attname AS column, a2.attname AS primary_key, c.conname AS name, c.confupdtype AS on_update, c.confdeltype AS on_delete
FROM pg_constraint c
JOIN pg_class t1 ON c.conrelid = t1.oid
JOIN pg_class t2 ON c.confrelid = t2.oid
JOIN pg_attribute a1 ON a1.attnum = c.conkey[1] AND a1.attrelid = t1.oid
JOIN pg_attribute a2 ON a2.attnum = c.confkey[1] AND a2.attrelid = t2.oid
JOIN pg_namespace t3 ON c.connamespace = t3.oid
WHERE c.contype = 'f'
  AND t1.relname = 'order_stickers'
  AND t3.nspname = ANY (current_schemas(false))
ORDER BY c.conname
[0m
  [1m[35m (4.2ms)[0m  SELECT t2.oid::regclass::text AS to_table, a1.attname AS column, a2.attname AS primary_key, c.conname AS name, c.confupdtype AS on_update, c.confdeltype AS on_delete
FROM pg_constraint c
JOIN pg_class t1 ON c.conrelid = t1.oid
JOIN pg_class t2 ON c.confrelid = t2.oid
JOIN pg_attribute a1 ON a1.attnum = c.conkey[1] AND a1.attrelid = t1.oid
JOIN pg_attribute a2 ON a2.attnum = c.confkey[1] AND a2.attrelid = t2.oid
JOIN pg_namespace t3 ON c.connamespace = t3.oid
WHERE c.contype = 'f'
  AND t1.relname = 'orders'
  AND t3.nspname = ANY (current_schemas(false))
ORDER BY c.conname

  [1m[36m (4.4ms)[0m  [1mSELECT t2.oid::regclass::text AS to_table, a1.attname AS column, a2.attname AS primary_key, c.conname AS name, c.confupdtype AS on_update, c.confdeltype AS on_delete
FROM pg_constraint c
JOIN pg_class t1 ON c.conrelid = t1.oid
JOIN pg_class t2 ON c.confrelid = t2.oid
JOIN pg_attribute a1 ON a1.attnum = c.conkey[1] AND a1.attrelid = t1.oid
JOIN pg_attribute a2 ON a2.attnum = c.confkey[1] AND a2.attrelid = t2.oid
JOIN pg_namespace t3 ON c.connamespace = t3.oid
WHERE c.contype = 'f'
  AND t1.relname = 'stickers'
  AND t3.nspname = ANY (current_schemas(false))
ORDER BY c.conname
[0m
  [1m[35m (3.9ms)[0m  SELECT t2.oid::regclass::text AS to_table, a1.attname AS column, a2.attname AS primary_key, c.conname AS name, c.confupdtype AS on_update, c.confdeltype AS on_delete
FROM pg_constraint c
JOIN pg_class t1 ON c.conrelid = t1.oid
JOIN pg_class t2 ON c.confrelid = t2.oid
JOIN pg_attribute a1 ON a1.attnum = c.conkey[1] AND a1.attrelid = t1.oid
JOIN pg_attribute a2 ON a2.attnum = c.confkey[1] AND a2.attrelid = t2.oid
JOIN pg_namespace t3 ON c.connamespace = t3.oid
WHERE c.contype = 'f'
  AND t1.relname = 'users'
  AND t3.nspname = ANY (current_schemas(false))
ORDER BY c.conname

  [1m[36mActiveRecord::SchemaMigration Load (0.2ms)[0m  [1mSELECT "schema_migrations".* FROM "schema_migrations"[0m
  [1m[35m (0.2ms)[0m  BEGIN
  [1m[36mCategory Exists (0.7ms)[0m  [1mSELECT  1 AS one FROM "categories" WHERE "categories"."title" = 'javascript' LIMIT 1[0m
  [1m[35mSQL (1.4ms)[0m  INSERT INTO "categories" ("title", "slug", "created_at", "updated_at") VALUES ($1, $2, $3, $4) RETURNING "id"  [["title", "javascript"], ["slug", "javascript"], ["created_at", "2015-11-30 20:30:42.950689"], ["updated_at", "2015-11-30 20:30:42.950689"]]
  [1m[36m (0.6ms)[0m  [1mCOMMIT[0m
  [1m[35m (0.1ms)[0m  BEGIN
  [1m[36mCategory Exists (0.3ms)[0m  [1mSELECT  1 AS one FROM "categories" WHERE "categories"."title" = 'ruby' LIMIT 1[0m
  [1m[35mSQL (0.3ms)[0m  INSERT INTO "categories" ("title", "slug", "created_at", "updated_at") VALUES ($1, $2, $3, $4) RETURNING "id"  [["title", "ruby"], ["slug", "ruby"], ["created_at", "2015-11-30 20:30:42.956948"], ["updated_at", "2015-11-30 20:30:42.956948"]]
  [1m[36m (0.5ms)[0m  [1mCOMMIT[0m
  [1m[35m (0.1ms)[0m  BEGIN
  [1m[36mCategory Exists (0.3ms)[0m  [1mSELECT  1 AS one FROM "categories" WHERE "categories"."title" = 'browser' LIMIT 1[0m
  [1m[35mSQL (0.4ms)[0m  INSERT INTO "categories" ("title", "slug", "created_at", "updated_at") VALUES ($1, $2, $3, $4) RETURNING "id"  [["title", "browser"], ["slug", "browser"], ["created_at", "2015-11-30 20:30:42.960028"], ["updated_at", "2015-11-30 20:30:42.960028"]]
  [1m[36m (0.4ms)[0m  [1mCOMMIT[0m
  [1m[35m (0.1ms)[0m  BEGIN
  [1m[36mCategory Exists (0.3ms)[0m  [1mSELECT  1 AS one FROM "categories" WHERE "categories"."title" = 'git' LIMIT 1[0m
  [1m[35mSQL (0.3ms)[0m  INSERT INTO "categories" ("title", "slug", "created_at", "updated_at") VALUES ($1, $2, $3, $4) RETURNING "id"  [["title", "git"], ["slug", "git"], ["created_at", "2015-11-30 20:30:42.963359"], ["updated_at", "2015-11-30 20:30:42.963359"]]
  [1m[36m (0.5ms)[0m  [1mCOMMIT[0m
  [1m[35m (0.1ms)[0m  BEGIN
  [1m[36mCategory Exists (0.3ms)[0m  [1mSELECT  1 AS one FROM "categories" WHERE "categories"."title" = 'editor' LIMIT 1[0m
  [1m[35mSQL (0.3ms)[0m  INSERT INTO "categories" ("title", "slug", "created_at", "updated_at") VALUES ($1, $2, $3, $4) RETURNING "id"  [["title", "editor"], ["slug", "editor"], ["created_at", "2015-11-30 20:30:42.966943"], ["updated_at", "2015-11-30 20:30:42.966943"]]
  [1m[36m (0.4ms)[0m  [1mCOMMIT[0m
  [1m[35mCategory Load (0.4ms)[0m  SELECT "categories".* FROM "categories"
  [1m[36m (0.2ms)[0m  [1mBEGIN[0m
Command :: file -b --mime '/var/folders/ts/_glgt5bd2kj0xqnvxd0g_hx80000gn/T/671a0da0ba061c98de801409dbc57d7e20151130-8505-894qzy.png'
Command :: identify -format '%wx%h,%[exif:orientation]' '/var/folders/ts/_glgt5bd2kj0xqnvxd0g_hx80000gn/T/671a0da0ba061c98de801409dbc57d7e20151130-8505-1ybekki.png[0]' 2>/dev/null
Command :: identify -format %m '/var/folders/ts/_glgt5bd2kj0xqnvxd0g_hx80000gn/T/671a0da0ba061c98de801409dbc57d7e20151130-8505-1ybekki.png[0]'
Command :: convert '/var/folders/ts/_glgt5bd2kj0xqnvxd0g_hx80000gn/T/671a0da0ba061c98de801409dbc57d7e20151130-8505-1ybekki.png[0]' -auto-orient -resize "100x100>" '/var/folders/ts/_glgt5bd2kj0xqnvxd0g_hx80000gn/T/e3aa21af4006d28d5e411765d5e2935520151130-8505-7tcr1y'
Command :: identify -format '%wx%h,%[exif:orientation]' '/var/folders/ts/_glgt5bd2kj0xqnvxd0g_hx80000gn/T/671a0da0ba061c98de801409dbc57d7e20151130-8505-1ybekki.png[0]' 2>/dev/null
Command :: identify -format %m '/var/folders/ts/_glgt5bd2kj0xqnvxd0g_hx80000gn/T/671a0da0ba061c98de801409dbc57d7e20151130-8505-1ybekki.png[0]'
Command :: convert '/var/folders/ts/_glgt5bd2kj0xqnvxd0g_hx80000gn/T/671a0da0ba061c98de801409dbc57d7e20151130-8505-1ybekki.png[0]' -auto-orient -resize "200x" -crop "200x200+0+0" +repage '/var/folders/ts/_glgt5bd2kj0xqnvxd0g_hx80000gn/T/e3aa21af4006d28d5e411765d5e2935520151130-8505-1qqzlpr'
Command :: identify -format '%wx%h,%[exif:orientation]' '/var/folders/ts/_glgt5bd2kj0xqnvxd0g_hx80000gn/T/671a0da0ba061c98de801409dbc57d7e20151130-8505-1ybekki.png[0]' 2>/dev/null
Command :: identify -format %m '/var/folders/ts/_glgt5bd2kj0xqnvxd0g_hx80000gn/T/671a0da0ba061c98de801409dbc57d7e20151130-8505-1ybekki.png[0]'
Command :: convert '/var/folders/ts/_glgt5bd2kj0xqnvxd0g_hx80000gn/T/671a0da0ba061c98de801409dbc57d7e20151130-8505-1ybekki.png[0]' -auto-orient -resize "300x300>" '/var/folders/ts/_glgt5bd2kj0xqnvxd0g_hx80000gn/T/e3aa21af4006d28d5e411765d5e2935520151130-8505-6aiwzu'
  [1m[35mSticker Exists (0.9ms)[0m  SELECT  1 AS one FROM "stickers" WHERE "stickers"."title" = 'Nodejs' LIMIT 1
Command :: file -b --mime '/var/folders/ts/_glgt5bd2kj0xqnvxd0g_hx80000gn/T/671a0da0ba061c98de801409dbc57d7e20151130-8505-qb8dil.png'
  [1m[36mSQL (0.9ms)[0m  [1mINSERT INTO "stickers" ("title", "image_file_name", "image_content_type", "image_file_size", "image_updated_at", "price", "description", "category_id", "created_at", "updated_at") VALUES ($1, $2, $3, $4, $5, $6, $7, $8, $9, $10) RETURNING "id"[0m  [["title", "Nodejs"], ["image_file_name", "nodejs.png"], ["image_content_type", "image/png"], ["image_file_size", 4505], ["image_updated_at", "2015-11-30 20:30:43.328506"], ["price", "6.0"], ["description", "Node.js logo"], ["category_id", 1], ["created_at", "2015-11-30 20:30:44.044651"], ["updated_at", "2015-11-30 20:30:44.044651"]]
  [1m[35m (0.4ms)[0m  COMMIT
  [1m[36m (0.1ms)[0m  [1mBEGIN[0m
Command :: file -b --mime '/var/folders/ts/_glgt5bd2kj0xqnvxd0g_hx80000gn/T/bfc36183ba253554e36d41c6dc626c5a20151130-8505-h6dc5v.png'
Command :: identify -format '%wx%h,%[exif:orientation]' '/var/folders/ts/_glgt5bd2kj0xqnvxd0g_hx80000gn/T/bfc36183ba253554e36d41c6dc626c5a20151130-8505-1f3odbt.png[0]' 2>/dev/null
Command :: identify -format %m '/var/folders/ts/_glgt5bd2kj0xqnvxd0g_hx80000gn/T/bfc36183ba253554e36d41c6dc626c5a20151130-8505-1f3odbt.png[0]'
Command :: convert '/var/folders/ts/_glgt5bd2kj0xqnvxd0g_hx80000gn/T/bfc36183ba253554e36d41c6dc626c5a20151130-8505-1f3odbt.png[0]' -auto-orient -resize "100x100>" '/var/folders/ts/_glgt5bd2kj0xqnvxd0g_hx80000gn/T/f2db7944d84f4624c9420fca504759cb20151130-8505-1jgh144'
Command :: identify -format '%wx%h,%[exif:orientation]' '/var/folders/ts/_glgt5bd2kj0xqnvxd0g_hx80000gn/T/bfc36183ba253554e36d41c6dc626c5a20151130-8505-1f3odbt.png[0]' 2>/dev/null
Command :: identify -format %m '/var/folders/ts/_glgt5bd2kj0xqnvxd0g_hx80000gn/T/bfc36183ba253554e36d41c6dc626c5a20151130-8505-1f3odbt.png[0]'
Command :: convert '/var/folders/ts/_glgt5bd2kj0xqnvxd0g_hx80000gn/T/bfc36183ba253554e36d41c6dc626c5a20151130-8505-1f3odbt.png[0]' -auto-orient -resize "200x" -crop "200x200+0+0" +repage '/var/folders/ts/_glgt5bd2kj0xqnvxd0g_hx80000gn/T/f2db7944d84f4624c9420fca504759cb20151130-8505-bczwn0'
Command :: identify -format '%wx%h,%[exif:orientation]' '/var/folders/ts/_glgt5bd2kj0xqnvxd0g_hx80000gn/T/bfc36183ba253554e36d41c6dc626c5a20151130-8505-1f3odbt.png[0]' 2>/dev/null
Command :: identify -format %m '/var/folders/ts/_glgt5bd2kj0xqnvxd0g_hx80000gn/T/bfc36183ba253554e36d41c6dc626c5a20151130-8505-1f3odbt.png[0]'
Command :: convert '/var/folders/ts/_glgt5bd2kj0xqnvxd0g_hx80000gn/T/bfc36183ba253554e36d41c6dc626c5a20151130-8505-1f3odbt.png[0]' -auto-orient -resize "300x300>" '/var/folders/ts/_glgt5bd2kj0xqnvxd0g_hx80000gn/T/f2db7944d84f4624c9420fca504759cb20151130-8505-1g5e9nt'
  [1m[35mSticker Exists (0.5ms)[0m  SELECT  1 AS one FROM "stickers" WHERE "stickers"."title" = 'Reactjs' LIMIT 1
Command :: file -b --mime '/var/folders/ts/_glgt5bd2kj0xqnvxd0g_hx80000gn/T/bfc36183ba253554e36d41c6dc626c5a20151130-8505-fgoku2.png'
  [1m[36mSQL (0.6ms)[0m  [1mINSERT INTO "stickers" ("title", "image_file_name", "image_content_type", "image_file_size", "image_updated_at", "price", "description", "category_id", "created_at", "updated_at") VALUES ($1, $2, $3, $4, $5, $6, $7, $8, $9, $10) RETURNING "id"[0m  [["title", "Reactjs"], ["image_file_name", "react-js.png"], ["image_content_type", "image/png"], ["image_file_size", 8659], ["image_updated_at", "2015-11-30 20:30:44.179619"], ["price", "8.0"], ["description", "React.js logo"], ["category_id", 1], ["created_at", "2015-11-30 20:30:44.466683"], ["updated_at", "2015-11-30 20:30:44.466683"]]
  [1m[35m (0.4ms)[0m  COMMIT
  [1m[36m (0.1ms)[0m  [1mBEGIN[0m
Command :: file -b --mime '/var/folders/ts/_glgt5bd2kj0xqnvxd0g_hx80000gn/T/1cf9cac762b7f07507c4146dca232a8c20151130-8505-xp926q.png'
Command :: identify -format '%wx%h,%[exif:orientation]' '/var/folders/ts/_glgt5bd2kj0xqnvxd0g_hx80000gn/T/1cf9cac762b7f07507c4146dca232a8c20151130-8505-1x02hto.png[0]' 2>/dev/null
Command :: identify -format %m '/var/folders/ts/_glgt5bd2kj0xqnvxd0g_hx80000gn/T/1cf9cac762b7f07507c4146dca232a8c20151130-8505-1x02hto.png[0]'
Command :: convert '/var/folders/ts/_glgt5bd2kj0xqnvxd0g_hx80000gn/T/1cf9cac762b7f07507c4146dca232a8c20151130-8505-1x02hto.png[0]' -auto-orient -resize "100x100>" '/var/folders/ts/_glgt5bd2kj0xqnvxd0g_hx80000gn/T/9a156486ec8f0854fe8f0e3d7b56ddb320151130-8505-ah0v5q'
Command :: identify -format '%wx%h,%[exif:orientation]' '/var/folders/ts/_glgt5bd2kj0xqnvxd0g_hx80000gn/T/1cf9cac762b7f07507c4146dca232a8c20151130-8505-1x02hto.png[0]' 2>/dev/null
Command :: identify -format %m '/var/folders/ts/_glgt5bd2kj0xqnvxd0g_hx80000gn/T/1cf9cac762b7f07507c4146dca232a8c20151130-8505-1x02hto.png[0]'
Command :: convert '/var/folders/ts/_glgt5bd2kj0xqnvxd0g_hx80000gn/T/1cf9cac762b7f07507c4146dca232a8c20151130-8505-1x02hto.png[0]' -auto-orient -resize "200x" -crop "200x200+0+0" +repage '/var/folders/ts/_glgt5bd2kj0xqnvxd0g_hx80000gn/T/9a156486ec8f0854fe8f0e3d7b56ddb320151130-8505-kj71dj'
Command :: identify -format '%wx%h,%[exif:orientation]' '/var/folders/ts/_glgt5bd2kj0xqnvxd0g_hx80000gn/T/1cf9cac762b7f07507c4146dca232a8c20151130-8505-1x02hto.png[0]' 2>/dev/null
Command :: identify -format %m '/var/folders/ts/_glgt5bd2kj0xqnvxd0g_hx80000gn/T/1cf9cac762b7f07507c4146dca232a8c20151130-8505-1x02hto.png[0]'
Command :: convert '/var/folders/ts/_glgt5bd2kj0xqnvxd0g_hx80000gn/T/1cf9cac762b7f07507c4146dca232a8c20151130-8505-1x02hto.png[0]' -auto-orient -resize "300x300>" '/var/folders/ts/_glgt5bd2kj0xqnvxd0g_hx80000gn/T/9a156486ec8f0854fe8f0e3d7b56ddb320151130-8505-cgoolu'
  [1m[35mSticker Exists (0.4ms)[0m  SELECT  1 AS one FROM "stickers" WHERE "stickers"."title" = 'Angularjs' LIMIT 1
Command :: file -b --mime '/var/folders/ts/_glgt5bd2kj0xqnvxd0g_hx80000gn/T/1cf9cac762b7f07507c4146dca232a8c20151130-8505-zel6nw.png'
  [1m[36mSQL (0.6ms)[0m  [1mINSERT INTO "stickers" ("title", "image_file_name", "image_content_type", "image_file_size", "image_updated_at", "price", "description", "category_id", "created_at", "updated_at") VALUES ($1, $2, $3, $4, $5, $6, $7, $8, $9, $10) RETURNING "id"[0m  [["title", "Angularjs"], ["image_file_name", "angularjs.png"], ["image_content_type", "image/png"], ["image_file_size", 4273], ["image_updated_at", "2015-11-30 20:30:44.646183"], ["price", "15.0"], ["description", "Angular.js logo"], ["category_id", 1], ["created_at", "2015-11-30 20:30:44.935907"], ["updated_at", "2015-11-30 20:30:44.935907"]]
  [1m[35m (0.4ms)[0m  COMMIT
  [1m[36m (0.2ms)[0m  [1mBEGIN[0m
Command :: file -b --mime '/var/folders/ts/_glgt5bd2kj0xqnvxd0g_hx80000gn/T/58e53d1324eef6265fdb97b08ed9aadf20151130-8505-vhzaso.png'
Command :: identify -format '%wx%h,%[exif:orientation]' '/var/folders/ts/_glgt5bd2kj0xqnvxd0g_hx80000gn/T/58e53d1324eef6265fdb97b08ed9aadf20151130-8505-1y1qdwv.png[0]' 2>/dev/null
Command :: identify -format %m '/var/folders/ts/_glgt5bd2kj0xqnvxd0g_hx80000gn/T/58e53d1324eef6265fdb97b08ed9aadf20151130-8505-1y1qdwv.png[0]'
Command :: convert '/var/folders/ts/_glgt5bd2kj0xqnvxd0g_hx80000gn/T/58e53d1324eef6265fdb97b08ed9aadf20151130-8505-1y1qdwv.png[0]' -auto-orient -resize "100x100>" '/var/folders/ts/_glgt5bd2kj0xqnvxd0g_hx80000gn/T/958da0c3c50dfdc183a35f7f70df2f1420151130-8505-1rh5qd6'
Command :: identify -format '%wx%h,%[exif:orientation]' '/var/folders/ts/_glgt5bd2kj0xqnvxd0g_hx80000gn/T/58e53d1324eef6265fdb97b08ed9aadf20151130-8505-1y1qdwv.png[0]' 2>/dev/null
Command :: identify -format %m '/var/folders/ts/_glgt5bd2kj0xqnvxd0g_hx80000gn/T/58e53d1324eef6265fdb97b08ed9aadf20151130-8505-1y1qdwv.png[0]'
Command :: convert '/var/folders/ts/_glgt5bd2kj0xqnvxd0g_hx80000gn/T/58e53d1324eef6265fdb97b08ed9aadf20151130-8505-1y1qdwv.png[0]' -auto-orient -resize "200x" -crop "200x200+0+0" +repage '/var/folders/ts/_glgt5bd2kj0xqnvxd0g_hx80000gn/T/958da0c3c50dfdc183a35f7f70df2f1420151130-8505-jlw8ev'
Command :: identify -format '%wx%h,%[exif:orientation]' '/var/folders/ts/_glgt5bd2kj0xqnvxd0g_hx80000gn/T/58e53d1324eef6265fdb97b08ed9aadf20151130-8505-1y1qdwv.png[0]' 2>/dev/null
Command :: identify -format %m '/var/folders/ts/_glgt5bd2kj0xqnvxd0g_hx80000gn/T/58e53d1324eef6265fdb97b08ed9aadf20151130-8505-1y1qdwv.png[0]'
Command :: convert '/var/folders/ts/_glgt5bd2kj0xqnvxd0g_hx80000gn/T/58e53d1324eef6265fdb97b08ed9aadf20151130-8505-1y1qdwv.png[0]' -auto-orient -resize "300x300>" '/var/folders/ts/_glgt5bd2kj0xqnvxd0g_hx80000gn/T/958da0c3c50dfdc183a35f7f70df2f1420151130-8505-izhx23'
  [1m[35mSticker Exists (0.5ms)[0m  SELECT  1 AS one FROM "stickers" WHERE "stickers"."title" = 'Ruby' LIMIT 1
Command :: file -b --mime '/var/folders/ts/_glgt5bd2kj0xqnvxd0g_hx80000gn/T/58e53d1324eef6265fdb97b08ed9aadf20151130-8505-175xtr0.png'
  [1m[36mSQL (0.6ms)[0m  [1mINSERT INTO "stickers" ("title", "image_file_name", "image_content_type", "image_file_size", "image_updated_at", "price", "description", "category_id", "created_at", "updated_at") VALUES ($1, $2, $3, $4, $5, $6, $7, $8, $9, $10) RETURNING "id"[0m  [["title", "Ruby"], ["image_file_name", "ruby.png"], ["image_content_type", "image/png"], ["image_file_size", 12966], ["image_updated_at", "2015-11-30 20:30:45.088043"], ["price", "82.0"], ["description", "Ruby logo"], ["category_id", 2], ["created_at", "2015-11-30 20:30:45.385192"], ["updated_at", "2015-11-30 20:30:45.385192"]]
  [1m[35m (0.4ms)[0m  COMMIT
  [1m[36m (0.2ms)[0m  [1mBEGIN[0m
Command :: file -b --mime '/var/folders/ts/_glgt5bd2kj0xqnvxd0g_hx80000gn/T/554838a8451ac36cb977e719e9d6623c20151130-8505-7jdh5f.png'
Command :: identify -format '%wx%h,%[exif:orientation]' '/var/folders/ts/_glgt5bd2kj0xqnvxd0g_hx80000gn/T/554838a8451ac36cb977e719e9d6623c20151130-8505-1qrnd9b.png[0]' 2>/dev/null
Command :: identify -format %m '/var/folders/ts/_glgt5bd2kj0xqnvxd0g_hx80000gn/T/554838a8451ac36cb977e719e9d6623c20151130-8505-1qrnd9b.png[0]'
Command :: convert '/var/folders/ts/_glgt5bd2kj0xqnvxd0g_hx80000gn/T/554838a8451ac36cb977e719e9d6623c20151130-8505-1qrnd9b.png[0]' -auto-orient -resize "100x100>" '/var/folders/ts/_glgt5bd2kj0xqnvxd0g_hx80000gn/T/97cc4c1956ddfd904893d30e7500ed3920151130-8505-8g60fb'
Command :: identify -format '%wx%h,%[exif:orientation]' '/var/folders/ts/_glgt5bd2kj0xqnvxd0g_hx80000gn/T/554838a8451ac36cb977e719e9d6623c20151130-8505-1qrnd9b.png[0]' 2>/dev/null
Command :: identify -format %m '/var/folders/ts/_glgt5bd2kj0xqnvxd0g_hx80000gn/T/554838a8451ac36cb977e719e9d6623c20151130-8505-1qrnd9b.png[0]'
Command :: convert '/var/folders/ts/_glgt5bd2kj0xqnvxd0g_hx80000gn/T/554838a8451ac36cb977e719e9d6623c20151130-8505-1qrnd9b.png[0]' -auto-orient -resize "200x" -crop "200x200+0+0" +repage '/var/folders/ts/_glgt5bd2kj0xqnvxd0g_hx80000gn/T/97cc4c1956ddfd904893d30e7500ed3920151130-8505-1rjvj11'
Command :: identify -format '%wx%h,%[exif:orientation]' '/var/folders/ts/_glgt5bd2kj0xqnvxd0g_hx80000gn/T/554838a8451ac36cb977e719e9d6623c20151130-8505-1qrnd9b.png[0]' 2>/dev/null
Command :: identify -format %m '/var/folders/ts/_glgt5bd2kj0xqnvxd0g_hx80000gn/T/554838a8451ac36cb977e719e9d6623c20151130-8505-1qrnd9b.png[0]'
Command :: convert '/var/folders/ts/_glgt5bd2kj0xqnvxd0g_hx80000gn/T/554838a8451ac36cb977e719e9d6623c20151130-8505-1qrnd9b.png[0]' -auto-orient -resize "300x300>" '/var/folders/ts/_glgt5bd2kj0xqnvxd0g_hx80000gn/T/97cc4c1956ddfd904893d30e7500ed3920151130-8505-vx8680'
  [1m[35mSticker Exists (0.7ms)[0m  SELECT  1 AS one FROM "stickers" WHERE "stickers"."title" = 'Chrome' LIMIT 1
Command :: file -b --mime '/var/folders/ts/_glgt5bd2kj0xqnvxd0g_hx80000gn/T/554838a8451ac36cb977e719e9d6623c20151130-8505-hxdw4g.png'
  [1m[36mSQL (0.6ms)[0m  [1mINSERT INTO "stickers" ("title", "image_file_name", "image_content_type", "image_file_size", "image_updated_at", "price", "description", "category_id", "created_at", "updated_at") VALUES ($1, $2, $3, $4, $5, $6, $7, $8, $9, $10) RETURNING "id"[0m  [["title", "Chrome"], ["image_file_name", "chrome.png"], ["image_content_type", "image/png"], ["image_file_size", 7239], ["image_updated_at", "2015-11-30 20:30:45.524705"], ["price", "2.0"], ["description", "Chrome logo"], ["category_id", 3], ["created_at", "2015-11-30 20:30:45.831227"], ["updated_at", "2015-11-30 20:30:45.831227"]]
  [1m[35m (0.4ms)[0m  COMMIT
  [1m[36m (0.2ms)[0m  [1mBEGIN[0m
Command :: file -b --mime '/var/folders/ts/_glgt5bd2kj0xqnvxd0g_hx80000gn/T/de9b9ed78d7e2e1dceeffee780e2f91920151130-8505-1w1l0ox.png'
Command :: identify -format '%wx%h,%[exif:orientation]' '/var/folders/ts/_glgt5bd2kj0xqnvxd0g_hx80000gn/T/de9b9ed78d7e2e1dceeffee780e2f91920151130-8505-1v1g345.png[0]' 2>/dev/null
Command :: identify -format %m '/var/folders/ts/_glgt5bd2kj0xqnvxd0g_hx80000gn/T/de9b9ed78d7e2e1dceeffee780e2f91920151130-8505-1v1g345.png[0]'
Command :: convert '/var/folders/ts/_glgt5bd2kj0xqnvxd0g_hx80000gn/T/de9b9ed78d7e2e1dceeffee780e2f91920151130-8505-1v1g345.png[0]' -auto-orient -resize "100x100>" '/var/folders/ts/_glgt5bd2kj0xqnvxd0g_hx80000gn/T/aeccedbbbdaa817548dbff185a90b45a20151130-8505-1bf7mzw'
Command :: identify -format '%wx%h,%[exif:orientation]' '/var/folders/ts/_glgt5bd2kj0xqnvxd0g_hx80000gn/T/de9b9ed78d7e2e1dceeffee780e2f91920151130-8505-1v1g345.png[0]' 2>/dev/null
Command :: identify -format %m '/var/folders/ts/_glgt5bd2kj0xqnvxd0g_hx80000gn/T/de9b9ed78d7e2e1dceeffee780e2f91920151130-8505-1v1g345.png[0]'
Command :: convert '/var/folders/ts/_glgt5bd2kj0xqnvxd0g_hx80000gn/T/de9b9ed78d7e2e1dceeffee780e2f91920151130-8505-1v1g345.png[0]' -auto-orient -resize "200x" -crop "200x200+0+0" +repage '/var/folders/ts/_glgt5bd2kj0xqnvxd0g_hx80000gn/T/aeccedbbbdaa817548dbff185a90b45a20151130-8505-1rpx9xg'
Command :: identify -format '%wx%h,%[exif:orientation]' '/var/folders/ts/_glgt5bd2kj0xqnvxd0g_hx80000gn/T/de9b9ed78d7e2e1dceeffee780e2f91920151130-8505-1v1g345.png[0]' 2>/dev/null
Command :: identify -format %m '/var/folders/ts/_glgt5bd2kj0xqnvxd0g_hx80000gn/T/de9b9ed78d7e2e1dceeffee780e2f91920151130-8505-1v1g345.png[0]'
Command :: convert '/var/folders/ts/_glgt5bd2kj0xqnvxd0g_hx80000gn/T/de9b9ed78d7e2e1dceeffee780e2f91920151130-8505-1v1g345.png[0]' -auto-orient -resize "300x300>" '/var/folders/ts/_glgt5bd2kj0xqnvxd0g_hx80000gn/T/aeccedbbbdaa817548dbff185a90b45a20151130-8505-yxg3r1'
  [1m[35mSticker Exists (0.5ms)[0m  SELECT  1 AS one FROM "stickers" WHERE "stickers"."title" = 'Javascript' LIMIT 1
Command :: file -b --mime '/var/folders/ts/_glgt5bd2kj0xqnvxd0g_hx80000gn/T/de9b9ed78d7e2e1dceeffee780e2f91920151130-8505-1vomx8m.png'
  [1m[36mSQL (0.6ms)[0m  [1mINSERT INTO "stickers" ("title", "image_file_name", "image_content_type", "image_file_size", "image_updated_at", "price", "description", "category_id", "created_at", "updated_at") VALUES ($1, $2, $3, $4, $5, $6, $7, $8, $9, $10) RETURNING "id"[0m  [["title", "Javascript"], ["image_file_name", "javascript.png"], ["image_content_type", "image/png"], ["image_file_size", 1765], ["image_updated_at", "2015-11-30 20:30:45.977734"], ["price", "5.0"], ["description", "Javascript logo"], ["category_id", 1], ["created_at", "2015-11-30 20:30:46.268205"], ["updated_at", "2015-11-30 20:30:46.268205"]]
  [1m[35m (0.5ms)[0m  COMMIT
  [1m[36m (0.2ms)[0m  [1mBEGIN[0m
Command :: file -b --mime '/var/folders/ts/_glgt5bd2kj0xqnvxd0g_hx80000gn/T/ba9f11ecc3497d9993b933fdc2bd61e520151130-8505-u97d5r.png'
Command :: identify -format '%wx%h,%[exif:orientation]' '/var/folders/ts/_glgt5bd2kj0xqnvxd0g_hx80000gn/T/ba9f11ecc3497d9993b933fdc2bd61e520151130-8505-zvuq7l.png[0]' 2>/dev/null
Command :: identify -format %m '/var/folders/ts/_glgt5bd2kj0xqnvxd0g_hx80000gn/T/ba9f11ecc3497d9993b933fdc2bd61e520151130-8505-zvuq7l.png[0]'
Command :: convert '/var/folders/ts/_glgt5bd2kj0xqnvxd0g_hx80000gn/T/ba9f11ecc3497d9993b933fdc2bd61e520151130-8505-zvuq7l.png[0]' -auto-orient -resize "100x100>" '/var/folders/ts/_glgt5bd2kj0xqnvxd0g_hx80000gn/T/f0876c47eb3cda4e1f2b6f5df4b027a620151130-8505-40wvn4'
Command :: identify -format '%wx%h,%[exif:orientation]' '/var/folders/ts/_glgt5bd2kj0xqnvxd0g_hx80000gn/T/ba9f11ecc3497d9993b933fdc2bd61e520151130-8505-zvuq7l.png[0]' 2>/dev/null
Command :: identify -format %m '/var/folders/ts/_glgt5bd2kj0xqnvxd0g_hx80000gn/T/ba9f11ecc3497d9993b933fdc2bd61e520151130-8505-zvuq7l.png[0]'
Command :: convert '/var/folders/ts/_glgt5bd2kj0xqnvxd0g_hx80000gn/T/ba9f11ecc3497d9993b933fdc2bd61e520151130-8505-zvuq7l.png[0]' -auto-orient -resize "200x" -crop "200x200+0+0" +repage '/var/folders/ts/_glgt5bd2kj0xqnvxd0g_hx80000gn/T/f0876c47eb3cda4e1f2b6f5df4b027a620151130-8505-1p7mdc'
Command :: identify -format '%wx%h,%[exif:orientation]' '/var/folders/ts/_glgt5bd2kj0xqnvxd0g_hx80000gn/T/ba9f11ecc3497d9993b933fdc2bd61e520151130-8505-zvuq7l.png[0]' 2>/dev/null
Command :: identify -format %m '/var/folders/ts/_glgt5bd2kj0xqnvxd0g_hx80000gn/T/ba9f11ecc3497d9993b933fdc2bd61e520151130-8505-zvuq7l.png[0]'
Command :: convert '/var/folders/ts/_glgt5bd2kj0xqnvxd0g_hx80000gn/T/ba9f11ecc3497d9993b933fdc2bd61e520151130-8505-zvuq7l.png[0]' -auto-orient -resize "300x300>" '/var/folders/ts/_glgt5bd2kj0xqnvxd0g_hx80000gn/T/f0876c47eb3cda4e1f2b6f5df4b027a620151130-8505-14mkpts'
  [1m[35mSticker Exists (0.5ms)[0m  SELECT  1 AS one FROM "stickers" WHERE "stickers"."title" = 'Git' LIMIT 1
Command :: file -b --mime '/var/folders/ts/_glgt5bd2kj0xqnvxd0g_hx80000gn/T/ba9f11ecc3497d9993b933fdc2bd61e520151130-8505-1v1b551.png'
  [1m[36mSQL (0.4ms)[0m  [1mINSERT INTO "stickers" ("title", "image_file_name", "image_content_type", "image_file_size", "image_updated_at", "price", "description", "category_id", "created_at", "updated_at") VALUES ($1, $2, $3, $4, $5, $6, $7, $8, $9, $10) RETURNING "id"[0m  [["title", "Git"], ["image_file_name", "git.png"], ["image_content_type", "image/png"], ["image_file_size", 3321], ["image_updated_at", "2015-11-30 20:30:46.406305"], ["price", "55.0"], ["description", "Git logo"], ["category_id", 4], ["created_at", "2015-11-30 20:30:46.697647"], ["updated_at", "2015-11-30 20:30:46.697647"]]
  [1m[35m (0.4ms)[0m  COMMIT
  [1m[36m (0.2ms)[0m  [1mBEGIN[0m
Command :: file -b --mime '/var/folders/ts/_glgt5bd2kj0xqnvxd0g_hx80000gn/T/cfcd0f04b2b54af1e2e4186561d321c320151130-8505-1o6o55r.png'
Command :: identify -format '%wx%h,%[exif:orientation]' '/var/folders/ts/_glgt5bd2kj0xqnvxd0g_hx80000gn/T/cfcd0f04b2b54af1e2e4186561d321c320151130-8505-k2weav.png[0]' 2>/dev/null
Command :: identify -format %m '/var/folders/ts/_glgt5bd2kj0xqnvxd0g_hx80000gn/T/cfcd0f04b2b54af1e2e4186561d321c320151130-8505-k2weav.png[0]'
Command :: convert '/var/folders/ts/_glgt5bd2kj0xqnvxd0g_hx80000gn/T/cfcd0f04b2b54af1e2e4186561d321c320151130-8505-k2weav.png[0]' -auto-orient -resize "100x100>" '/var/folders/ts/_glgt5bd2kj0xqnvxd0g_hx80000gn/T/a93c7e57aa712d87eea3788f0c6ea62020151130-8505-w55p7j'
Command :: identify -format '%wx%h,%[exif:orientation]' '/var/folders/ts/_glgt5bd2kj0xqnvxd0g_hx80000gn/T/cfcd0f04b2b54af1e2e4186561d321c320151130-8505-k2weav.png[0]' 2>/dev/null
Command :: identify -format %m '/var/folders/ts/_glgt5bd2kj0xqnvxd0g_hx80000gn/T/cfcd0f04b2b54af1e2e4186561d321c320151130-8505-k2weav.png[0]'
Command :: convert '/var/folders/ts/_glgt5bd2kj0xqnvxd0g_hx80000gn/T/cfcd0f04b2b54af1e2e4186561d321c320151130-8505-k2weav.png[0]' -auto-orient -resize "200x" -crop "200x200+0+0" +repage '/var/folders/ts/_glgt5bd2kj0xqnvxd0g_hx80000gn/T/a93c7e57aa712d87eea3788f0c6ea62020151130-8505-q180zr'
Command :: identify -format '%wx%h,%[exif:orientation]' '/var/folders/ts/_glgt5bd2kj0xqnvxd0g_hx80000gn/T/cfcd0f04b2b54af1e2e4186561d321c320151130-8505-k2weav.png[0]' 2>/dev/null
Command :: identify -format %m '/var/folders/ts/_glgt5bd2kj0xqnvxd0g_hx80000gn/T/cfcd0f04b2b54af1e2e4186561d321c320151130-8505-k2weav.png[0]'
Command :: convert '/var/folders/ts/_glgt5bd2kj0xqnvxd0g_hx80000gn/T/cfcd0f04b2b54af1e2e4186561d321c320151130-8505-k2weav.png[0]' -auto-orient -resize "300x300>" '/var/folders/ts/_glgt5bd2kj0xqnvxd0g_hx80000gn/T/a93c7e57aa712d87eea3788f0c6ea62020151130-8505-vpazo4'
  [1m[35mSticker Exists (0.6ms)[0m  SELECT  1 AS one FROM "stickers" WHERE "stickers"."title" = 'Vim' LIMIT 1
Command :: file -b --mime '/var/folders/ts/_glgt5bd2kj0xqnvxd0g_hx80000gn/T/cfcd0f04b2b54af1e2e4186561d321c320151130-8505-85scey.png'
  [1m[36mSQL (0.4ms)[0m  [1mINSERT INTO "stickers" ("title", "image_file_name", "image_content_type", "image_file_size", "image_updated_at", "price", "description", "retired", "category_id", "created_at", "updated_at") VALUES ($1, $2, $3, $4, $5, $6, $7, $8, $9, $10, $11) RETURNING "id"[0m  [["title", "Vim"], ["image_file_name", "tnue.png"], ["image_content_type", "image/png"], ["image_file_size", 12062], ["image_updated_at", "2015-11-30 20:30:46.840844"], ["price", "7.0"], ["description", "Vim logo"], ["retired", "t"], ["category_id", 5], ["created_at", "2015-11-30 20:30:47.107158"], ["updated_at", "2015-11-30 20:30:47.107158"]]
  [1m[35m (0.4ms)[0m  COMMIT
  [1m[36m (0.1ms)[0m  [1mBEGIN[0m
Command :: file -b --mime '/var/folders/ts/_glgt5bd2kj0xqnvxd0g_hx80000gn/T/ebb46d83bd9bac00f856ecb5cdff0af620151130-8505-12nvvnp.png'
Command :: identify -format '%wx%h,%[exif:orientation]' '/var/folders/ts/_glgt5bd2kj0xqnvxd0g_hx80000gn/T/ebb46d83bd9bac00f856ecb5cdff0af620151130-8505-14qef1i.png[0]' 2>/dev/null
Command :: identify -format %m '/var/folders/ts/_glgt5bd2kj0xqnvxd0g_hx80000gn/T/ebb46d83bd9bac00f856ecb5cdff0af620151130-8505-14qef1i.png[0]'
Command :: convert '/var/folders/ts/_glgt5bd2kj0xqnvxd0g_hx80000gn/T/ebb46d83bd9bac00f856ecb5cdff0af620151130-8505-14qef1i.png[0]' -auto-orient -resize "100x100>" '/var/folders/ts/_glgt5bd2kj0xqnvxd0g_hx80000gn/T/9d667e22988c445c726bcb5de4d77d9520151130-8505-1e04mgj'
Command :: identify -format '%wx%h,%[exif:orientation]' '/var/folders/ts/_glgt5bd2kj0xqnvxd0g_hx80000gn/T/ebb46d83bd9bac00f856ecb5cdff0af620151130-8505-14qef1i.png[0]' 2>/dev/null
Command :: identify -format %m '/var/folders/ts/_glgt5bd2kj0xqnvxd0g_hx80000gn/T/ebb46d83bd9bac00f856ecb5cdff0af620151130-8505-14qef1i.png[0]'
Command :: convert '/var/folders/ts/_glgt5bd2kj0xqnvxd0g_hx80000gn/T/ebb46d83bd9bac00f856ecb5cdff0af620151130-8505-14qef1i.png[0]' -auto-orient -resize "200x" -crop "200x200+0+0" +repage '/var/folders/ts/_glgt5bd2kj0xqnvxd0g_hx80000gn/T/9d667e22988c445c726bcb5de4d77d9520151130-8505-1pl6y3l'
Command :: identify -format '%wx%h,%[exif:orientation]' '/var/folders/ts/_glgt5bd2kj0xqnvxd0g_hx80000gn/T/ebb46d83bd9bac00f856ecb5cdff0af620151130-8505-14qef1i.png[0]' 2>/dev/null
Command :: identify -format %m '/var/folders/ts/_glgt5bd2kj0xqnvxd0g_hx80000gn/T/ebb46d83bd9bac00f856ecb5cdff0af620151130-8505-14qef1i.png[0]'
Command :: convert '/var/folders/ts/_glgt5bd2kj0xqnvxd0g_hx80000gn/T/ebb46d83bd9bac00f856ecb5cdff0af620151130-8505-14qef1i.png[0]' -auto-orient -resize "300x300>" '/var/folders/ts/_glgt5bd2kj0xqnvxd0g_hx80000gn/T/9d667e22988c445c726bcb5de4d77d9520151130-8505-45z43j'
  [1m[35mSticker Exists (0.5ms)[0m  SELECT  1 AS one FROM "stickers" WHERE "stickers"."title" = 'Atom' LIMIT 1
Command :: file -b --mime '/var/folders/ts/_glgt5bd2kj0xqnvxd0g_hx80000gn/T/ebb46d83bd9bac00f856ecb5cdff0af620151130-8505-rnsb9s.png'
  [1m[36mSQL (0.4ms)[0m  [1mINSERT INTO "stickers" ("title", "image_file_name", "image_content_type", "image_file_size", "image_updated_at", "price", "description", "category_id", "created_at", "updated_at") VALUES ($1, $2, $3, $4, $5, $6, $7, $8, $9, $10) RETURNING "id"[0m  [["title", "Atom"], ["image_file_name", "iwyr.png"], ["image_content_type", "image/png"], ["image_file_size", 12919], ["image_updated_at", "2015-11-30 20:30:47.255037"], ["price", "6.0"], ["description", "Atom logo"], ["category_id", 5], ["created_at", "2015-11-30 20:30:47.523358"], ["updated_at", "2015-11-30 20:30:47.523358"]]
  [1m[35m (0.9ms)[0m  COMMIT
Command :: file -b --mime '/var/folders/ts/_glgt5bd2kj0xqnvxd0g_hx80000gn/T/da56e74a448e85ceb2e0c9088e8016e320151130-8505-1amoxh3.png'
Command :: identify -format '%wx%h,%[exif:orientation]' '/var/folders/ts/_glgt5bd2kj0xqnvxd0g_hx80000gn/T/da56e74a448e85ceb2e0c9088e8016e320151130-8505-1v0a84s.png[0]' 2>/dev/null
Command :: identify -format %m '/var/folders/ts/_glgt5bd2kj0xqnvxd0g_hx80000gn/T/da56e74a448e85ceb2e0c9088e8016e320151130-8505-1v0a84s.png[0]'
Command :: convert '/var/folders/ts/_glgt5bd2kj0xqnvxd0g_hx80000gn/T/da56e74a448e85ceb2e0c9088e8016e320151130-8505-1v0a84s.png[0]' -auto-orient -resize "100x100>" '/var/folders/ts/_glgt5bd2kj0xqnvxd0g_hx80000gn/T/28b0456e9594e97bc006fb770f59347b20151130-8505-1w1vqv4'
Command :: identify -format '%wx%h,%[exif:orientation]' '/var/folders/ts/_glgt5bd2kj0xqnvxd0g_hx80000gn/T/da56e74a448e85ceb2e0c9088e8016e320151130-8505-1v0a84s.png[0]' 2>/dev/null
Command :: identify -format %m '/var/folders/ts/_glgt5bd2kj0xqnvxd0g_hx80000gn/T/da56e74a448e85ceb2e0c9088e8016e320151130-8505-1v0a84s.png[0]'
Command :: convert '/var/folders/ts/_glgt5bd2kj0xqnvxd0g_hx80000gn/T/da56e74a448e85ceb2e0c9088e8016e320151130-8505-1v0a84s.png[0]' -auto-orient -resize "200x" -crop "200x200+0+0" +repage '/var/folders/ts/_glgt5bd2kj0xqnvxd0g_hx80000gn/T/28b0456e9594e97bc006fb770f59347b20151130-8505-10b1qz'
Command :: identify -format '%wx%h,%[exif:orientation]' '/var/folders/ts/_glgt5bd2kj0xqnvxd0g_hx80000gn/T/da56e74a448e85ceb2e0c9088e8016e320151130-8505-1v0a84s.png[0]' 2>/dev/null
Command :: identify -format %m '/var/folders/ts/_glgt5bd2kj0xqnvxd0g_hx80000gn/T/da56e74a448e85ceb2e0c9088e8016e320151130-8505-1v0a84s.png[0]'
Command :: convert '/var/folders/ts/_glgt5bd2kj0xqnvxd0g_hx80000gn/T/da56e74a448e85ceb2e0c9088e8016e320151130-8505-1v0a84s.png[0]' -auto-orient -resize "300x300>" '/var/folders/ts/_glgt5bd2kj0xqnvxd0g_hx80000gn/T/28b0456e9594e97bc006fb770f59347b20151130-8505-1xpe4oc'
  [1m[36m (0.2ms)[0m  [1mBEGIN[0m
  [1m[35mSticker Exists (0.4ms)[0m  SELECT  1 AS one FROM "stickers" WHERE "stickers"."title" = 'HTML5 + CSS3' LIMIT 1
Command :: file -b --mime '/var/folders/ts/_glgt5bd2kj0xqnvxd0g_hx80000gn/T/da56e74a448e85ceb2e0c9088e8016e320151130-8505-1soau91.png'
  [1m[36mSQL (0.4ms)[0m  [1mINSERT INTO "stickers" ("title", "image_file_name", "image_content_type", "image_file_size", "image_updated_at", "price", "description", "created_at", "updated_at") VALUES ($1, $2, $3, $4, $5, $6, $7, $8, $9) RETURNING "id"[0m  [["title", "HTML5 + CSS3"], ["image_file_name", "html5-css3.png"], ["image_content_type", "image/png"], ["image_file_size", 4362], ["image_updated_at", "2015-11-30 20:30:47.669152"], ["price", "1.0"], ["description", "HTML5 and CSS3 logo"], ["created_at", "2015-11-30 20:30:47.935643"], ["updated_at", "2015-11-30 20:30:47.935643"]]
  [1m[35m (0.5ms)[0m  COMMIT
Command :: file -b --mime '/var/folders/ts/_glgt5bd2kj0xqnvxd0g_hx80000gn/T/e206a54e97690cce50cc872dd70ee89620151130-8505-ow406q.png'
Command :: identify -format '%wx%h,%[exif:orientation]' '/var/folders/ts/_glgt5bd2kj0xqnvxd0g_hx80000gn/T/e206a54e97690cce50cc872dd70ee89620151130-8505-1cdvc5.png[0]' 2>/dev/null
Command :: identify -format %m '/var/folders/ts/_glgt5bd2kj0xqnvxd0g_hx80000gn/T/e206a54e97690cce50cc872dd70ee89620151130-8505-1cdvc5.png[0]'
Command :: convert '/var/folders/ts/_glgt5bd2kj0xqnvxd0g_hx80000gn/T/e206a54e97690cce50cc872dd70ee89620151130-8505-1cdvc5.png[0]' -auto-orient -resize "100x100>" '/var/folders/ts/_glgt5bd2kj0xqnvxd0g_hx80000gn/T/cc5062d3e1d929d00a9067185ad23f0120151130-8505-3p8xrj'
Command :: identify -format '%wx%h,%[exif:orientation]' '/var/folders/ts/_glgt5bd2kj0xqnvxd0g_hx80000gn/T/e206a54e97690cce50cc872dd70ee89620151130-8505-1cdvc5.png[0]' 2>/dev/null
Command :: identify -format %m '/var/folders/ts/_glgt5bd2kj0xqnvxd0g_hx80000gn/T/e206a54e97690cce50cc872dd70ee89620151130-8505-1cdvc5.png[0]'
Command :: convert '/var/folders/ts/_glgt5bd2kj0xqnvxd0g_hx80000gn/T/e206a54e97690cce50cc872dd70ee89620151130-8505-1cdvc5.png[0]' -auto-orient -resize "200x" -crop "200x200+0+0" +repage '/var/folders/ts/_glgt5bd2kj0xqnvxd0g_hx80000gn/T/cc5062d3e1d929d00a9067185ad23f0120151130-8505-wdr5px'
Command :: identify -format '%wx%h,%[exif:orientation]' '/var/folders/ts/_glgt5bd2kj0xqnvxd0g_hx80000gn/T/e206a54e97690cce50cc872dd70ee89620151130-8505-1cdvc5.png[0]' 2>/dev/null
Command :: identify -format %m '/var/folders/ts/_glgt5bd2kj0xqnvxd0g_hx80000gn/T/e206a54e97690cce50cc872dd70ee89620151130-8505-1cdvc5.png[0]'
Command :: convert '/var/folders/ts/_glgt5bd2kj0xqnvxd0g_hx80000gn/T/e206a54e97690cce50cc872dd70ee89620151130-8505-1cdvc5.png[0]' -auto-orient -resize "300x300>" '/var/folders/ts/_glgt5bd2kj0xqnvxd0g_hx80000gn/T/cc5062d3e1d929d00a9067185ad23f0120151130-8505-1jf7gdb'
  [1m[36m (0.2ms)[0m  [1mBEGIN[0m
  [1m[35mSticker Exists (0.4ms)[0m  SELECT  1 AS one FROM "stickers" WHERE "stickers"."title" = 'Linux' LIMIT 1
Command :: file -b --mime '/var/folders/ts/_glgt5bd2kj0xqnvxd0g_hx80000gn/T/e206a54e97690cce50cc872dd70ee89620151130-8505-c2zdzv.png'
  [1m[36mSQL (0.4ms)[0m  [1mINSERT INTO "stickers" ("title", "image_file_name", "image_content_type", "image_file_size", "image_updated_at", "price", "description", "created_at", "updated_at") VALUES ($1, $2, $3, $4, $5, $6, $7, $8, $9) RETURNING "id"[0m  [["title", "Linux"], ["image_file_name", "linux.png"], ["image_content_type", "image/png"], ["image_file_size", 10617], ["image_updated_at", "2015-11-30 20:30:48.054431"], ["price", "10.0"], ["description", "Linux logo"], ["created_at", "2015-11-30 20:30:48.339778"], ["updated_at", "2015-11-30 20:30:48.339778"]]
  [1m[35m (0.5ms)[0m  COMMIT
Command :: file -b --mime '/var/folders/ts/_glgt5bd2kj0xqnvxd0g_hx80000gn/T/e1bfd762321e409cee4ac0b6e841963c20151130-8505-1dr4uz8.png'
Command :: identify -format '%wx%h,%[exif:orientation]' '/var/folders/ts/_glgt5bd2kj0xqnvxd0g_hx80000gn/T/e1bfd762321e409cee4ac0b6e841963c20151130-8505-jgp2e4.png[0]' 2>/dev/null
Command :: identify -format %m '/var/folders/ts/_glgt5bd2kj0xqnvxd0g_hx80000gn/T/e1bfd762321e409cee4ac0b6e841963c20151130-8505-jgp2e4.png[0]'
Command :: convert '/var/folders/ts/_glgt5bd2kj0xqnvxd0g_hx80000gn/T/e1bfd762321e409cee4ac0b6e841963c20151130-8505-jgp2e4.png[0]' -auto-orient -resize "100x100>" '/var/folders/ts/_glgt5bd2kj0xqnvxd0g_hx80000gn/T/2a30d43e3efd0d00363a2dc0e7d6fa3c20151130-8505-1ppbfzl'
Command :: identify -format '%wx%h,%[exif:orientation]' '/var/folders/ts/_glgt5bd2kj0xqnvxd0g_hx80000gn/T/e1bfd762321e409cee4ac0b6e841963c20151130-8505-jgp2e4.png[0]' 2>/dev/null
Command :: identify -format %m '/var/folders/ts/_glgt5bd2kj0xqnvxd0g_hx80000gn/T/e1bfd762321e409cee4ac0b6e841963c20151130-8505-jgp2e4.png[0]'
Command :: convert '/var/folders/ts/_glgt5bd2kj0xqnvxd0g_hx80000gn/T/e1bfd762321e409cee4ac0b6e841963c20151130-8505-jgp2e4.png[0]' -auto-orient -resize "200x" -crop "200x200+0+0" +repage '/var/folders/ts/_glgt5bd2kj0xqnvxd0g_hx80000gn/T/2a30d43e3efd0d00363a2dc0e7d6fa3c20151130-8505-2x1ept'
Command :: identify -format '%wx%h,%[exif:orientation]' '/var/folders/ts/_glgt5bd2kj0xqnvxd0g_hx80000gn/T/e1bfd762321e409cee4ac0b6e841963c20151130-8505-jgp2e4.png[0]' 2>/dev/null
Command :: identify -format %m '/var/folders/ts/_glgt5bd2kj0xqnvxd0g_hx80000gn/T/e1bfd762321e409cee4ac0b6e841963c20151130-8505-jgp2e4.png[0]'
Command :: convert '/var/folders/ts/_glgt5bd2kj0xqnvxd0g_hx80000gn/T/e1bfd762321e409cee4ac0b6e841963c20151130-8505-jgp2e4.png[0]' -auto-orient -resize "300x300>" '/var/folders/ts/_glgt5bd2kj0xqnvxd0g_hx80000gn/T/2a30d43e3efd0d00363a2dc0e7d6fa3c20151130-8505-vbybxy'
  [1m[36m (0.2ms)[0m  [1mBEGIN[0m
  [1m[35mSticker Exists (0.4ms)[0m  SELECT  1 AS one FROM "stickers" WHERE "stickers"."title" = 'PHP' LIMIT 1
Command :: file -b --mime '/var/folders/ts/_glgt5bd2kj0xqnvxd0g_hx80000gn/T/e1bfd762321e409cee4ac0b6e841963c20151130-8505-yw5kuf.png'
  [1m[36mSQL (0.5ms)[0m  [1mINSERT INTO "stickers" ("title", "image_file_name", "image_content_type", "image_file_size", "image_updated_at", "price", "description", "created_at", "updated_at") VALUES ($1, $2, $3, $4, $5, $6, $7, $8, $9) RETURNING "id"[0m  [["title", "PHP"], ["image_file_name", "php.png"], ["image_content_type", "image/png"], ["image_file_size", 19868], ["image_updated_at", "2015-11-30 20:30:48.515838"], ["price", "12.0"], ["description", "PHP logo"], ["created_at", "2015-11-30 20:30:48.806439"], ["updated_at", "2015-11-30 20:30:48.806439"]]
  [1m[35m (0.5ms)[0m  COMMIT
Command :: file -b --mime '/var/folders/ts/_glgt5bd2kj0xqnvxd0g_hx80000gn/T/c3a4419258c98e9dc1dd5c36a7ec9fad20151130-8505-wi9lp2.png'
Command :: identify -format '%wx%h,%[exif:orientation]' '/var/folders/ts/_glgt5bd2kj0xqnvxd0g_hx80000gn/T/c3a4419258c98e9dc1dd5c36a7ec9fad20151130-8505-3sg8jr.png[0]' 2>/dev/null
Command :: identify -format %m '/var/folders/ts/_glgt5bd2kj0xqnvxd0g_hx80000gn/T/c3a4419258c98e9dc1dd5c36a7ec9fad20151130-8505-3sg8jr.png[0]'
Command :: convert '/var/folders/ts/_glgt5bd2kj0xqnvxd0g_hx80000gn/T/c3a4419258c98e9dc1dd5c36a7ec9fad20151130-8505-3sg8jr.png[0]' -auto-orient -resize "100x100>" '/var/folders/ts/_glgt5bd2kj0xqnvxd0g_hx80000gn/T/7e015809b4880606af0870a6ad310d9520151130-8505-hrnmqa'
Command :: identify -format '%wx%h,%[exif:orientation]' '/var/folders/ts/_glgt5bd2kj0xqnvxd0g_hx80000gn/T/c3a4419258c98e9dc1dd5c36a7ec9fad20151130-8505-3sg8jr.png[0]' 2>/dev/null
Command :: identify -format %m '/var/folders/ts/_glgt5bd2kj0xqnvxd0g_hx80000gn/T/c3a4419258c98e9dc1dd5c36a7ec9fad20151130-8505-3sg8jr.png[0]'
Command :: convert '/var/folders/ts/_glgt5bd2kj0xqnvxd0g_hx80000gn/T/c3a4419258c98e9dc1dd5c36a7ec9fad20151130-8505-3sg8jr.png[0]' -auto-orient -resize "200x" -crop "200x200+0+0" +repage '/var/folders/ts/_glgt5bd2kj0xqnvxd0g_hx80000gn/T/7e015809b4880606af0870a6ad310d9520151130-8505-gfzr67'
Command :: identify -format '%wx%h,%[exif:orientation]' '/var/folders/ts/_glgt5bd2kj0xqnvxd0g_hx80000gn/T/c3a4419258c98e9dc1dd5c36a7ec9fad20151130-8505-3sg8jr.png[0]' 2>/dev/null
Command :: identify -format %m '/var/folders/ts/_glgt5bd2kj0xqnvxd0g_hx80000gn/T/c3a4419258c98e9dc1dd5c36a7ec9fad20151130-8505-3sg8jr.png[0]'
Command :: convert '/var/folders/ts/_glgt5bd2kj0xqnvxd0g_hx80000gn/T/c3a4419258c98e9dc1dd5c36a7ec9fad20151130-8505-3sg8jr.png[0]' -auto-orient -resize "300x300>" '/var/folders/ts/_glgt5bd2kj0xqnvxd0g_hx80000gn/T/7e015809b4880606af0870a6ad310d9520151130-8505-19p0zv0'
  [1m[36m (0.2ms)[0m  [1mBEGIN[0m
  [1m[35mSticker Exists (0.4ms)[0m  SELECT  1 AS one FROM "stickers" WHERE "stickers"."title" = 'Bower' LIMIT 1
Command :: file -b --mime '/var/folders/ts/_glgt5bd2kj0xqnvxd0g_hx80000gn/T/c3a4419258c98e9dc1dd5c36a7ec9fad20151130-8505-cy6em7.png'
  [1m[36mSQL (0.4ms)[0m  [1mINSERT INTO "stickers" ("title", "image_file_name", "image_content_type", "image_file_size", "image_updated_at", "price", "description", "created_at", "updated_at") VALUES ($1, $2, $3, $4, $5, $6, $7, $8, $9) RETURNING "id"[0m  [["title", "Bower"], ["image_file_name", "bower.png"], ["image_content_type", "image/png"], ["image_file_size", 5924], ["image_updated_at", "2015-11-30 20:30:48.945907"], ["price", "15.0"], ["description", "Bower logo"], ["created_at", "2015-11-30 20:30:49.240199"], ["updated_at", "2015-11-30 20:30:49.240199"]]
  [1m[35m (0.4ms)[0m  COMMIT
Command :: file -b --mime '/var/folders/ts/_glgt5bd2kj0xqnvxd0g_hx80000gn/T/ab63a76362c3972ac83d5cb8830fdb5120151130-8505-1xn82pr.png'
Command :: identify -format '%wx%h,%[exif:orientation]' '/var/folders/ts/_glgt5bd2kj0xqnvxd0g_hx80000gn/T/ab63a76362c3972ac83d5cb8830fdb5120151130-8505-1j79atc.png[0]' 2>/dev/null
Command :: identify -format %m '/var/folders/ts/_glgt5bd2kj0xqnvxd0g_hx80000gn/T/ab63a76362c3972ac83d5cb8830fdb5120151130-8505-1j79atc.png[0]'
Command :: convert '/var/folders/ts/_glgt5bd2kj0xqnvxd0g_hx80000gn/T/ab63a76362c3972ac83d5cb8830fdb5120151130-8505-1j79atc.png[0]' -auto-orient -resize "100x100>" '/var/folders/ts/_glgt5bd2kj0xqnvxd0g_hx80000gn/T/74276c57c00d5f34d446edd12a9046d720151130-8505-1hwv57k'
Command :: identify -format '%wx%h,%[exif:orientation]' '/var/folders/ts/_glgt5bd2kj0xqnvxd0g_hx80000gn/T/ab63a76362c3972ac83d5cb8830fdb5120151130-8505-1j79atc.png[0]' 2>/dev/null
Command :: identify -format %m '/var/folders/ts/_glgt5bd2kj0xqnvxd0g_hx80000gn/T/ab63a76362c3972ac83d5cb8830fdb5120151130-8505-1j79atc.png[0]'
Command :: convert '/var/folders/ts/_glgt5bd2kj0xqnvxd0g_hx80000gn/T/ab63a76362c3972ac83d5cb8830fdb5120151130-8505-1j79atc.png[0]' -auto-orient -resize "200x" -crop "200x200+0+0" +repage '/var/folders/ts/_glgt5bd2kj0xqnvxd0g_hx80000gn/T/74276c57c00d5f34d446edd12a9046d720151130-8505-1kqppnn'
Command :: identify -format '%wx%h,%[exif:orientation]' '/var/folders/ts/_glgt5bd2kj0xqnvxd0g_hx80000gn/T/ab63a76362c3972ac83d5cb8830fdb5120151130-8505-1j79atc.png[0]' 2>/dev/null
Command :: identify -format %m '/var/folders/ts/_glgt5bd2kj0xqnvxd0g_hx80000gn/T/ab63a76362c3972ac83d5cb8830fdb5120151130-8505-1j79atc.png[0]'
Command :: convert '/var/folders/ts/_glgt5bd2kj0xqnvxd0g_hx80000gn/T/ab63a76362c3972ac83d5cb8830fdb5120151130-8505-1j79atc.png[0]' -auto-orient -resize "300x300>" '/var/folders/ts/_glgt5bd2kj0xqnvxd0g_hx80000gn/T/74276c57c00d5f34d446edd12a9046d720151130-8505-1j57vgx'
  [1m[36m (0.2ms)[0m  [1mBEGIN[0m
  [1m[35mSticker Exists (0.5ms)[0m  SELECT  1 AS one FROM "stickers" WHERE "stickers"."title" = 'Jenkins' LIMIT 1
Command :: file -b --mime '/var/folders/ts/_glgt5bd2kj0xqnvxd0g_hx80000gn/T/ab63a76362c3972ac83d5cb8830fdb5120151130-8505-no7v12.png'
  [1m[36mSQL (0.4ms)[0m  [1mINSERT INTO "stickers" ("title", "image_file_name", "image_content_type", "image_file_size", "image_updated_at", "price", "description", "created_at", "updated_at") VALUES ($1, $2, $3, $4, $5, $6, $7, $8, $9) RETURNING "id"[0m  [["title", "Jenkins"], ["image_file_name", "jenkins.png"], ["image_content_type", "image/png"], ["image_file_size", 10761], ["image_updated_at", "2015-11-30 20:30:49.393668"], ["price", "8.0"], ["description", "Jenkins logo"], ["created_at", "2015-11-30 20:30:49.714910"], ["updated_at", "2015-11-30 20:30:49.714910"]]
  [1m[35m (0.5ms)[0m  COMMIT
Command :: file -b --mime '/var/folders/ts/_glgt5bd2kj0xqnvxd0g_hx80000gn/T/93f725a07423fe1c889f448b33d21f4620151130-8505-loc9gx.png'
Command :: identify -format '%wx%h,%[exif:orientation]' '/var/folders/ts/_glgt5bd2kj0xqnvxd0g_hx80000gn/T/93f725a07423fe1c889f448b33d21f4620151130-8505-e3btn1.png[0]' 2>/dev/null
Command :: identify -format %m '/var/folders/ts/_glgt5bd2kj0xqnvxd0g_hx80000gn/T/93f725a07423fe1c889f448b33d21f4620151130-8505-e3btn1.png[0]'
Command :: convert '/var/folders/ts/_glgt5bd2kj0xqnvxd0g_hx80000gn/T/93f725a07423fe1c889f448b33d21f4620151130-8505-e3btn1.png[0]' -auto-orient -resize "100x100>" '/var/folders/ts/_glgt5bd2kj0xqnvxd0g_hx80000gn/T/8302447c723eadf51b6bd2231b8418db20151130-8505-hbzw9i'
Command :: identify -format '%wx%h,%[exif:orientation]' '/var/folders/ts/_glgt5bd2kj0xqnvxd0g_hx80000gn/T/93f725a07423fe1c889f448b33d21f4620151130-8505-e3btn1.png[0]' 2>/dev/null
Command :: identify -format %m '/var/folders/ts/_glgt5bd2kj0xqnvxd0g_hx80000gn/T/93f725a07423fe1c889f448b33d21f4620151130-8505-e3btn1.png[0]'
Command :: convert '/var/folders/ts/_glgt5bd2kj0xqnvxd0g_hx80000gn/T/93f725a07423fe1c889f448b33d21f4620151130-8505-e3btn1.png[0]' -auto-orient -resize "200x" -crop "200x200+0+0" +repage '/var/folders/ts/_glgt5bd2kj0xqnvxd0g_hx80000gn/T/8302447c723eadf51b6bd2231b8418db20151130-8505-gy0uj7'
Command :: identify -format '%wx%h,%[exif:orientation]' '/var/folders/ts/_glgt5bd2kj0xqnvxd0g_hx80000gn/T/93f725a07423fe1c889f448b33d21f4620151130-8505-e3btn1.png[0]' 2>/dev/null
Command :: identify -format %m '/var/folders/ts/_glgt5bd2kj0xqnvxd0g_hx80000gn/T/93f725a07423fe1c889f448b33d21f4620151130-8505-e3btn1.png[0]'
Command :: convert '/var/folders/ts/_glgt5bd2kj0xqnvxd0g_hx80000gn/T/93f725a07423fe1c889f448b33d21f4620151130-8505-e3btn1.png[0]' -auto-orient -resize "300x300>" '/var/folders/ts/_glgt5bd2kj0xqnvxd0g_hx80000gn/T/8302447c723eadf51b6bd2231b8418db20151130-8505-odd07'
  [1m[36m (0.2ms)[0m  [1mBEGIN[0m
  [1m[35mSticker Exists (0.5ms)[0m  SELECT  1 AS one FROM "stickers" WHERE "stickers"."title" = 'Java' LIMIT 1
Command :: file -b --mime '/var/folders/ts/_glgt5bd2kj0xqnvxd0g_hx80000gn/T/93f725a07423fe1c889f448b33d21f4620151130-8505-1wu59ck.png'
  [1m[36mSQL (0.4ms)[0m  [1mINSERT INTO "stickers" ("title", "image_file_name", "image_content_type", "image_file_size", "image_updated_at", "price", "description", "created_at", "updated_at") VALUES ($1, $2, $3, $4, $5, $6, $7, $8, $9) RETURNING "id"[0m  [["title", "Java"], ["image_file_name", "java.png"], ["image_content_type", "image/png"], ["image_file_size", 3541], ["image_updated_at", "2015-11-30 20:30:49.876279"], ["price", "2.0"], ["description", "Java logo"], ["created_at", "2015-11-30 20:30:50.179911"], ["updated_at", "2015-11-30 20:30:50.179911"]]
  [1m[35m (0.5ms)[0m  COMMIT
Command :: file -b --mime '/var/folders/ts/_glgt5bd2kj0xqnvxd0g_hx80000gn/T/e724f8b8a8349afb5beaeaa30032393320151130-8505-1bo4jp0.png'
Command :: identify -format '%wx%h,%[exif:orientation]' '/var/folders/ts/_glgt5bd2kj0xqnvxd0g_hx80000gn/T/e724f8b8a8349afb5beaeaa30032393320151130-8505-4u9zgv.png[0]' 2>/dev/null
Command :: identify -format %m '/var/folders/ts/_glgt5bd2kj0xqnvxd0g_hx80000gn/T/e724f8b8a8349afb5beaeaa30032393320151130-8505-4u9zgv.png[0]'
Command :: convert '/var/folders/ts/_glgt5bd2kj0xqnvxd0g_hx80000gn/T/e724f8b8a8349afb5beaeaa30032393320151130-8505-4u9zgv.png[0]' -auto-orient -resize "100x100>" '/var/folders/ts/_glgt5bd2kj0xqnvxd0g_hx80000gn/T/7542cf253fb4a5bd944e3715d9d2a8c920151130-8505-1xchsw8'
Command :: identify -format '%wx%h,%[exif:orientation]' '/var/folders/ts/_glgt5bd2kj0xqnvxd0g_hx80000gn/T/e724f8b8a8349afb5beaeaa30032393320151130-8505-4u9zgv.png[0]' 2>/dev/null
Command :: identify -format %m '/var/folders/ts/_glgt5bd2kj0xqnvxd0g_hx80000gn/T/e724f8b8a8349afb5beaeaa30032393320151130-8505-4u9zgv.png[0]'
Command :: convert '/var/folders/ts/_glgt5bd2kj0xqnvxd0g_hx80000gn/T/e724f8b8a8349afb5beaeaa30032393320151130-8505-4u9zgv.png[0]' -auto-orient -resize "200x" -crop "200x200+0+0" +repage '/var/folders/ts/_glgt5bd2kj0xqnvxd0g_hx80000gn/T/7542cf253fb4a5bd944e3715d9d2a8c920151130-8505-crf0dt'
Command :: identify -format '%wx%h,%[exif:orientation]' '/var/folders/ts/_glgt5bd2kj0xqnvxd0g_hx80000gn/T/e724f8b8a8349afb5beaeaa30032393320151130-8505-4u9zgv.png[0]' 2>/dev/null
Command :: identify -format %m '/var/folders/ts/_glgt5bd2kj0xqnvxd0g_hx80000gn/T/e724f8b8a8349afb5beaeaa30032393320151130-8505-4u9zgv.png[0]'
Command :: convert '/var/folders/ts/_glgt5bd2kj0xqnvxd0g_hx80000gn/T/e724f8b8a8349afb5beaeaa30032393320151130-8505-4u9zgv.png[0]' -auto-orient -resize "300x300>" '/var/folders/ts/_glgt5bd2kj0xqnvxd0g_hx80000gn/T/7542cf253fb4a5bd944e3715d9d2a8c920151130-8505-vfobzi'
  [1m[36m (0.2ms)[0m  [1mBEGIN[0m
  [1m[35mSticker Exists (0.4ms)[0m  SELECT  1 AS one FROM "stickers" WHERE "stickers"."title" = 'Caffeine' LIMIT 1
Command :: file -b --mime '/var/folders/ts/_glgt5bd2kj0xqnvxd0g_hx80000gn/T/e724f8b8a8349afb5beaeaa30032393320151130-8505-1dbfpnd.png'
  [1m[36mSQL (0.4ms)[0m  [1mINSERT INTO "stickers" ("title", "image_file_name", "image_content_type", "image_file_size", "image_updated_at", "price", "description", "created_at", "updated_at") VALUES ($1, $2, $3, $4, $5, $6, $7, $8, $9) RETURNING "id"[0m  [["title", "Caffeine"], ["image_file_name", "caffeine.png"], ["image_content_type", "image/png"], ["image_file_size", 9406], ["image_updated_at", "2015-11-30 20:30:50.325909"], ["price", "18.0"], ["description", "Caffeine logo"], ["created_at", "2015-11-30 20:30:50.613729"], ["updated_at", "2015-11-30 20:30:50.613729"]]
  [1m[35m (0.5ms)[0m  COMMIT
Command :: file -b --mime '/var/folders/ts/_glgt5bd2kj0xqnvxd0g_hx80000gn/T/55c03759799bf821a62566168fbf29e020151130-8505-xnitl5.png'
Command :: identify -format '%wx%h,%[exif:orientation]' '/var/folders/ts/_glgt5bd2kj0xqnvxd0g_hx80000gn/T/55c03759799bf821a62566168fbf29e020151130-8505-sk3wff.png[0]' 2>/dev/null
Command :: identify -format %m '/var/folders/ts/_glgt5bd2kj0xqnvxd0g_hx80000gn/T/55c03759799bf821a62566168fbf29e020151130-8505-sk3wff.png[0]'
Command :: convert '/var/folders/ts/_glgt5bd2kj0xqnvxd0g_hx80000gn/T/55c03759799bf821a62566168fbf29e020151130-8505-sk3wff.png[0]' -auto-orient -resize "100x100>" '/var/folders/ts/_glgt5bd2kj0xqnvxd0g_hx80000gn/T/2295da4be891a7832cd960c8bdde234c20151130-8505-7s5q9b'
Command :: identify -format '%wx%h,%[exif:orientation]' '/var/folders/ts/_glgt5bd2kj0xqnvxd0g_hx80000gn/T/55c03759799bf821a62566168fbf29e020151130-8505-sk3wff.png[0]' 2>/dev/null
Command :: identify -format %m '/var/folders/ts/_glgt5bd2kj0xqnvxd0g_hx80000gn/T/55c03759799bf821a62566168fbf29e020151130-8505-sk3wff.png[0]'
Command :: convert '/var/folders/ts/_glgt5bd2kj0xqnvxd0g_hx80000gn/T/55c03759799bf821a62566168fbf29e020151130-8505-sk3wff.png[0]' -auto-orient -resize "200x" -crop "200x200+0+0" +repage '/var/folders/ts/_glgt5bd2kj0xqnvxd0g_hx80000gn/T/2295da4be891a7832cd960c8bdde234c20151130-8505-zsobug'
Command :: identify -format '%wx%h,%[exif:orientation]' '/var/folders/ts/_glgt5bd2kj0xqnvxd0g_hx80000gn/T/55c03759799bf821a62566168fbf29e020151130-8505-sk3wff.png[0]' 2>/dev/null
Command :: identify -format %m '/var/folders/ts/_glgt5bd2kj0xqnvxd0g_hx80000gn/T/55c03759799bf821a62566168fbf29e020151130-8505-sk3wff.png[0]'
Command :: convert '/var/folders/ts/_glgt5bd2kj0xqnvxd0g_hx80000gn/T/55c03759799bf821a62566168fbf29e020151130-8505-sk3wff.png[0]' -auto-orient -resize "300x300>" '/var/folders/ts/_glgt5bd2kj0xqnvxd0g_hx80000gn/T/2295da4be891a7832cd960c8bdde234c20151130-8505-da2gyf'
  [1m[36m (0.2ms)[0m  [1mBEGIN[0m
  [1m[35mSticker Exists (0.4ms)[0m  SELECT  1 AS one FROM "stickers" WHERE "stickers"."title" = 'Yeoman' LIMIT 1
Command :: file -b --mime '/var/folders/ts/_glgt5bd2kj0xqnvxd0g_hx80000gn/T/55c03759799bf821a62566168fbf29e020151130-8505-1g6dxlu.png'
  [1m[36mSQL (0.4ms)[0m  [1mINSERT INTO "stickers" ("title", "image_file_name", "image_content_type", "image_file_size", "image_updated_at", "price", "description", "created_at", "updated_at") VALUES ($1, $2, $3, $4, $5, $6, $7, $8, $9) RETURNING "id"[0m  [["title", "Yeoman"], ["image_file_name", "yeoman.png"], ["image_content_type", "image/png"], ["image_file_size", 8654], ["image_updated_at", "2015-11-30 20:30:50.751515"], ["price", "9.0"], ["description", "Yeoman logo"], ["created_at", "2015-11-30 20:30:51.049369"], ["updated_at", "2015-11-30 20:30:51.049369"]]
  [1m[35m (0.9ms)[0m  COMMIT
Command :: file -b --mime '/var/folders/ts/_glgt5bd2kj0xqnvxd0g_hx80000gn/T/5e8a5709f662f8d401f7a00e6137f9ca20151130-8505-1fx1jff.png'
Command :: identify -format '%wx%h,%[exif:orientation]' '/var/folders/ts/_glgt5bd2kj0xqnvxd0g_hx80000gn/T/5e8a5709f662f8d401f7a00e6137f9ca20151130-8505-16fiwro.png[0]' 2>/dev/null
Command :: identify -format %m '/var/folders/ts/_glgt5bd2kj0xqnvxd0g_hx80000gn/T/5e8a5709f662f8d401f7a00e6137f9ca20151130-8505-16fiwro.png[0]'
Command :: convert '/var/folders/ts/_glgt5bd2kj0xqnvxd0g_hx80000gn/T/5e8a5709f662f8d401f7a00e6137f9ca20151130-8505-16fiwro.png[0]' -auto-orient -resize "100x100>" '/var/folders/ts/_glgt5bd2kj0xqnvxd0g_hx80000gn/T/c8864b3a8aecf0af1659aa6096fdf1b820151130-8505-u2wflw'
Command :: identify -format '%wx%h,%[exif:orientation]' '/var/folders/ts/_glgt5bd2kj0xqnvxd0g_hx80000gn/T/5e8a5709f662f8d401f7a00e6137f9ca20151130-8505-16fiwro.png[0]' 2>/dev/null
Command :: identify -format %m '/var/folders/ts/_glgt5bd2kj0xqnvxd0g_hx80000gn/T/5e8a5709f662f8d401f7a00e6137f9ca20151130-8505-16fiwro.png[0]'
Command :: convert '/var/folders/ts/_glgt5bd2kj0xqnvxd0g_hx80000gn/T/5e8a5709f662f8d401f7a00e6137f9ca20151130-8505-16fiwro.png[0]' -auto-orient -resize "200x" -crop "200x200+0+0" +repage '/var/folders/ts/_glgt5bd2kj0xqnvxd0g_hx80000gn/T/c8864b3a8aecf0af1659aa6096fdf1b820151130-8505-mkmd6k'
Command :: identify -format '%wx%h,%[exif:orientation]' '/var/folders/ts/_glgt5bd2kj0xqnvxd0g_hx80000gn/T/5e8a5709f662f8d401f7a00e6137f9ca20151130-8505-16fiwro.png[0]' 2>/dev/null
Command :: identify -format %m '/var/folders/ts/_glgt5bd2kj0xqnvxd0g_hx80000gn/T/5e8a5709f662f8d401f7a00e6137f9ca20151130-8505-16fiwro.png[0]'
Command :: convert '/var/folders/ts/_glgt5bd2kj0xqnvxd0g_hx80000gn/T/5e8a5709f662f8d401f7a00e6137f9ca20151130-8505-16fiwro.png[0]' -auto-orient -resize "300x300>" '/var/folders/ts/_glgt5bd2kj0xqnvxd0g_hx80000gn/T/c8864b3a8aecf0af1659aa6096fdf1b820151130-8505-1nf8k0p'
  [1m[36m (0.2ms)[0m  [1mBEGIN[0m
  [1m[35mSticker Exists (0.5ms)[0m  SELECT  1 AS one FROM "stickers" WHERE "stickers"."title" = 'Reddit' LIMIT 1
Command :: file -b --mime '/var/folders/ts/_glgt5bd2kj0xqnvxd0g_hx80000gn/T/5e8a5709f662f8d401f7a00e6137f9ca20151130-8505-irhofp.png'
  [1m[36mSQL (0.4ms)[0m  [1mINSERT INTO "stickers" ("title", "image_file_name", "image_content_type", "image_file_size", "image_updated_at", "price", "description", "created_at", "updated_at") VALUES ($1, $2, $3, $4, $5, $6, $7, $8, $9) RETURNING "id"[0m  [["title", "Reddit"], ["image_file_name", "reddit.png"], ["image_content_type", "image/png"], ["image_file_size", 6349], ["image_updated_at", "2015-11-30 20:30:51.194199"], ["price", "110.0"], ["description", "Reddit logo"], ["created_at", "2015-11-30 20:30:51.476923"], ["updated_at", "2015-11-30 20:30:51.476923"]]
  [1m[35m (0.4ms)[0m  COMMIT
Command :: file -b --mime '/var/folders/ts/_glgt5bd2kj0xqnvxd0g_hx80000gn/T/230c5c9d495e3bf392ef2b8098e5192120151130-8505-6419qm.png'
Command :: identify -format '%wx%h,%[exif:orientation]' '/var/folders/ts/_glgt5bd2kj0xqnvxd0g_hx80000gn/T/230c5c9d495e3bf392ef2b8098e5192120151130-8505-hlz175.png[0]' 2>/dev/null
Command :: identify -format %m '/var/folders/ts/_glgt5bd2kj0xqnvxd0g_hx80000gn/T/230c5c9d495e3bf392ef2b8098e5192120151130-8505-hlz175.png[0]'
Command :: convert '/var/folders/ts/_glgt5bd2kj0xqnvxd0g_hx80000gn/T/230c5c9d495e3bf392ef2b8098e5192120151130-8505-hlz175.png[0]' -auto-orient -resize "100x100>" '/var/folders/ts/_glgt5bd2kj0xqnvxd0g_hx80000gn/T/c8e1e14dc1e48c75b893b14460942f7e20151130-8505-h2g89u'
Command :: identify -format '%wx%h,%[exif:orientation]' '/var/folders/ts/_glgt5bd2kj0xqnvxd0g_hx80000gn/T/230c5c9d495e3bf392ef2b8098e5192120151130-8505-hlz175.png[0]' 2>/dev/null
Command :: identify -format %m '/var/folders/ts/_glgt5bd2kj0xqnvxd0g_hx80000gn/T/230c5c9d495e3bf392ef2b8098e5192120151130-8505-hlz175.png[0]'
Command :: convert '/var/folders/ts/_glgt5bd2kj0xqnvxd0g_hx80000gn/T/230c5c9d495e3bf392ef2b8098e5192120151130-8505-hlz175.png[0]' -auto-orient -resize "200x" -crop "200x200+0+0" +repage '/var/folders/ts/_glgt5bd2kj0xqnvxd0g_hx80000gn/T/c8e1e14dc1e48c75b893b14460942f7e20151130-8505-gsv57l'
Command :: identify -format '%wx%h,%[exif:orientation]' '/var/folders/ts/_glgt5bd2kj0xqnvxd0g_hx80000gn/T/230c5c9d495e3bf392ef2b8098e5192120151130-8505-hlz175.png[0]' 2>/dev/null
Command :: identify -format %m '/var/folders/ts/_glgt5bd2kj0xqnvxd0g_hx80000gn/T/230c5c9d495e3bf392ef2b8098e5192120151130-8505-hlz175.png[0]'
Command :: convert '/var/folders/ts/_glgt5bd2kj0xqnvxd0g_hx80000gn/T/230c5c9d495e3bf392ef2b8098e5192120151130-8505-hlz175.png[0]' -auto-orient -resize "300x300>" '/var/folders/ts/_glgt5bd2kj0xqnvxd0g_hx80000gn/T/c8e1e14dc1e48c75b893b14460942f7e20151130-8505-d7gmw7'
  [1m[36m (0.2ms)[0m  [1mBEGIN[0m
  [1m[35mSticker Exists (0.4ms)[0m  SELECT  1 AS one FROM "stickers" WHERE "stickers"."title" = 'NASA' LIMIT 1
Command :: file -b --mime '/var/folders/ts/_glgt5bd2kj0xqnvxd0g_hx80000gn/T/230c5c9d495e3bf392ef2b8098e5192120151130-8505-15wy55y.png'
  [1m[36mSQL (0.4ms)[0m  [1mINSERT INTO "stickers" ("title", "image_file_name", "image_content_type", "image_file_size", "image_updated_at", "price", "description", "created_at", "updated_at") VALUES ($1, $2, $3, $4, $5, $6, $7, $8, $9) RETURNING "id"[0m  [["title", "NASA"], ["image_file_name", "nasa.png"], ["image_content_type", "image/png"], ["image_file_size", 8688], ["image_updated_at", "2015-11-30 20:30:51.620765"], ["price", "69.0"], ["description", "NASA logo"], ["created_at", "2015-11-30 20:30:51.899793"], ["updated_at", "2015-11-30 20:30:51.899793"]]
  [1m[35m (0.5ms)[0m  COMMIT
Command :: file -b --mime '/var/folders/ts/_glgt5bd2kj0xqnvxd0g_hx80000gn/T/ba323c3f5b3f1b536461d41cc7f1ba6020151130-8505-19uqh8r.png'
Command :: identify -format '%wx%h,%[exif:orientation]' '/var/folders/ts/_glgt5bd2kj0xqnvxd0g_hx80000gn/T/ba323c3f5b3f1b536461d41cc7f1ba6020151130-8505-m23hx0.png[0]' 2>/dev/null
Command :: identify -format %m '/var/folders/ts/_glgt5bd2kj0xqnvxd0g_hx80000gn/T/ba323c3f5b3f1b536461d41cc7f1ba6020151130-8505-m23hx0.png[0]'
Command :: convert '/var/folders/ts/_glgt5bd2kj0xqnvxd0g_hx80000gn/T/ba323c3f5b3f1b536461d41cc7f1ba6020151130-8505-m23hx0.png[0]' -auto-orient -resize "100x100>" '/var/folders/ts/_glgt5bd2kj0xqnvxd0g_hx80000gn/T/2859ec6d07464d6826c117439835d66120151130-8505-108yeyt'
Command :: identify -format '%wx%h,%[exif:orientation]' '/var/folders/ts/_glgt5bd2kj0xqnvxd0g_hx80000gn/T/ba323c3f5b3f1b536461d41cc7f1ba6020151130-8505-m23hx0.png[0]' 2>/dev/null
Command :: identify -format %m '/var/folders/ts/_glgt5bd2kj0xqnvxd0g_hx80000gn/T/ba323c3f5b3f1b536461d41cc7f1ba6020151130-8505-m23hx0.png[0]'
Command :: convert '/var/folders/ts/_glgt5bd2kj0xqnvxd0g_hx80000gn/T/ba323c3f5b3f1b536461d41cc7f1ba6020151130-8505-m23hx0.png[0]' -auto-orient -resize "200x" -crop "200x200+0+0" +repage '/var/folders/ts/_glgt5bd2kj0xqnvxd0g_hx80000gn/T/2859ec6d07464d6826c117439835d66120151130-8505-1ckk58o'
Command :: identify -format '%wx%h,%[exif:orientation]' '/var/folders/ts/_glgt5bd2kj0xqnvxd0g_hx80000gn/T/ba323c3f5b3f1b536461d41cc7f1ba6020151130-8505-m23hx0.png[0]' 2>/dev/null
Command :: identify -format %m '/var/folders/ts/_glgt5bd2kj0xqnvxd0g_hx80000gn/T/ba323c3f5b3f1b536461d41cc7f1ba6020151130-8505-m23hx0.png[0]'
Command :: convert '/var/folders/ts/_glgt5bd2kj0xqnvxd0g_hx80000gn/T/ba323c3f5b3f1b536461d41cc7f1ba6020151130-8505-m23hx0.png[0]' -auto-orient -resize "300x300>" '/var/folders/ts/_glgt5bd2kj0xqnvxd0g_hx80000gn/T/2859ec6d07464d6826c117439835d66120151130-8505-22x170'
  [1m[36m (0.2ms)[0m  [1mBEGIN[0m
  [1m[35mSticker Exists (0.4ms)[0m  SELECT  1 AS one FROM "stickers" WHERE "stickers"."title" = 'Emoji' LIMIT 1
Command :: file -b --mime '/var/folders/ts/_glgt5bd2kj0xqnvxd0g_hx80000gn/T/ba323c3f5b3f1b536461d41cc7f1ba6020151130-8505-2uel4e.png'
  [1m[36mSQL (0.5ms)[0m  [1mINSERT INTO "stickers" ("title", "image_file_name", "image_content_type", "image_file_size", "image_updated_at", "price", "description", "created_at", "updated_at") VALUES ($1, $2, $3, $4, $5, $6, $7, $8, $9) RETURNING "id"[0m  [["title", "Emoji"], ["image_file_name", "emoji.png"], ["image_content_type", "image/png"], ["image_file_size", 18172], ["image_updated_at", "2015-11-30 20:30:52.089455"], ["price", "44.0"], ["description", "Emojis of monkeys"], ["created_at", "2015-11-30 20:30:52.377340"], ["updated_at", "2015-11-30 20:30:52.377340"]]
  [1m[35m (0.4ms)[0m  COMMIT
Command :: file -b --mime '/var/folders/ts/_glgt5bd2kj0xqnvxd0g_hx80000gn/T/9dbeb6554e7bab938d04cb787a093ab220151130-8505-1fbp41y.png'
Command :: identify -format '%wx%h,%[exif:orientation]' '/var/folders/ts/_glgt5bd2kj0xqnvxd0g_hx80000gn/T/9dbeb6554e7bab938d04cb787a093ab220151130-8505-2ja45d.png[0]' 2>/dev/null
Command :: identify -format %m '/var/folders/ts/_glgt5bd2kj0xqnvxd0g_hx80000gn/T/9dbeb6554e7bab938d04cb787a093ab220151130-8505-2ja45d.png[0]'
Command :: convert '/var/folders/ts/_glgt5bd2kj0xqnvxd0g_hx80000gn/T/9dbeb6554e7bab938d04cb787a093ab220151130-8505-2ja45d.png[0]' -auto-orient -resize "100x100>" '/var/folders/ts/_glgt5bd2kj0xqnvxd0g_hx80000gn/T/b7c8a86d07ad59e5fd9658655d26549620151130-8505-88p5gg'
Command :: identify -format '%wx%h,%[exif:orientation]' '/var/folders/ts/_glgt5bd2kj0xqnvxd0g_hx80000gn/T/9dbeb6554e7bab938d04cb787a093ab220151130-8505-2ja45d.png[0]' 2>/dev/null
Command :: identify -format %m '/var/folders/ts/_glgt5bd2kj0xqnvxd0g_hx80000gn/T/9dbeb6554e7bab938d04cb787a093ab220151130-8505-2ja45d.png[0]'
Command :: convert '/var/folders/ts/_glgt5bd2kj0xqnvxd0g_hx80000gn/T/9dbeb6554e7bab938d04cb787a093ab220151130-8505-2ja45d.png[0]' -auto-orient -resize "200x" -crop "200x200+0+0" +repage '/var/folders/ts/_glgt5bd2kj0xqnvxd0g_hx80000gn/T/b7c8a86d07ad59e5fd9658655d26549620151130-8505-10q1jj3'
Command :: identify -format '%wx%h,%[exif:orientation]' '/var/folders/ts/_glgt5bd2kj0xqnvxd0g_hx80000gn/T/9dbeb6554e7bab938d04cb787a093ab220151130-8505-2ja45d.png[0]' 2>/dev/null
Command :: identify -format %m '/var/folders/ts/_glgt5bd2kj0xqnvxd0g_hx80000gn/T/9dbeb6554e7bab938d04cb787a093ab220151130-8505-2ja45d.png[0]'
Command :: convert '/var/folders/ts/_glgt5bd2kj0xqnvxd0g_hx80000gn/T/9dbeb6554e7bab938d04cb787a093ab220151130-8505-2ja45d.png[0]' -auto-orient -resize "300x300>" '/var/folders/ts/_glgt5bd2kj0xqnvxd0g_hx80000gn/T/b7c8a86d07ad59e5fd9658655d26549620151130-8505-301qyr'
  [1m[36m (0.2ms)[0m  [1mBEGIN[0m
  [1m[35mSticker Exists (0.4ms)[0m  SELECT  1 AS one FROM "stickers" WHERE "stickers"."title" = 'Programming Languages' LIMIT 1
Command :: file -b --mime '/var/folders/ts/_glgt5bd2kj0xqnvxd0g_hx80000gn/T/9dbeb6554e7bab938d04cb787a093ab220151130-8505-zpswwi.png'
  [1m[36mSQL (0.3ms)[0m  [1mINSERT INTO "stickers" ("title", "image_file_name", "image_content_type", "image_file_size", "image_updated_at", "price", "description", "created_at", "updated_at") VALUES ($1, $2, $3, $4, $5, $6, $7, $8, $9) RETURNING "id"[0m  [["title", "Programming Languages"], ["image_file_name", "programming-languages.png"], ["image_content_type", "image/png"], ["image_file_size", 5656], ["image_updated_at", "2015-11-30 20:30:52.523718"], ["price", "28.0"], ["description", "Programming languages humor"], ["created_at", "2015-11-30 20:30:52.809310"], ["updated_at", "2015-11-30 20:30:52.809310"]]
  [1m[35m (0.5ms)[0m  COMMIT
  [1m[36mSticker Load (0.9ms)[0m  [1mSELECT "stickers".* FROM "stickers"[0m
  [1m[35m (0.2ms)[0m  BEGIN
  [1m[36mUser Exists (0.8ms)[0m  [1mSELECT  1 AS one FROM "users" WHERE "users"."username" = 'sekhar' LIMIT 1[0m
  [1m[35mSQL (0.5ms)[0m  INSERT INTO "users" ("first_name", "last_name", "username", "password_digest", "role", "street_address", "city", "state", "zip", "created_at", "updated_at") VALUES ($1, $2, $3, $4, $5, $6, $7, $8, $9, $10, $11) RETURNING "id"  [["first_name", "Sekhar"], ["last_name", "Paladugu"], ["username", "sekhar"], ["password_digest", "$2a$10$hqCIuaTGcL3tQ5N/GTPrqO.XEY0Pd6S0H0MZS0MJLdiG9x.ESUjaO"], ["role", 1], ["street_address", "1331 Muhammad Station"], ["city", "North Coleman"], ["state", "MS"], ["zip", "36970-7601"], ["created_at", "2015-11-30 20:30:52.953479"], ["updated_at", "2015-11-30 20:30:52.953479"]]
  [1m[36m (0.5ms)[0m  [1mCOMMIT[0m
  [1m[35m (0.2ms)[0m  BEGIN
  [1m[36mUser Exists (0.5ms)[0m  [1mSELECT  1 AS one FROM "users" WHERE "users"."username" = 'emily' LIMIT 1[0m
  [1m[35mSQL (0.3ms)[0m  INSERT INTO "users" ("first_name", "last_name", "username", "password_digest", "role", "street_address", "city", "state", "zip", "created_at", "updated_at") VALUES ($1, $2, $3, $4, $5, $6, $7, $8, $9, $10, $11) RETURNING "id"  [["first_name", "Emily"], ["last_name", "Dowdle"], ["username", "emily"], ["password_digest", "$2a$10$VL4OBSRFQZbxfnGfVoW63.eOWswR/oRwE/RBXp6FQN0bkpVDudccC"], ["role", 1], ["street_address", "3135 Carlie Row"], ["city", "New Hansmouth"], ["state", "TX"], ["zip", "60154-0929"], ["created_at", "2015-11-30 20:30:53.058081"], ["updated_at", "2015-11-30 20:30:53.058081"]]
  [1m[36m (0.6ms)[0m  [1mCOMMIT[0m
  [1m[35m (0.2ms)[0m  BEGIN
  [1m[36mUser Exists (0.4ms)[0m  [1mSELECT  1 AS one FROM "users" WHERE "users"."username" = 'jason' LIMIT 1[0m
  [1m[35mSQL (0.3ms)[0m  INSERT INTO "users" ("first_name", "last_name", "username", "password_digest", "role", "street_address", "city", "state", "zip", "created_at", "updated_at") VALUES ($1, $2, $3, $4, $5, $6, $7, $8, $9, $10, $11) RETURNING "id"  [["first_name", "Jason"], ["last_name", "Pilz"], ["username", "jason"], ["password_digest", "$2a$10$F/etXF5IZkxPD3/lIZmSWORo8SvUzVZfrgKa2XJyR7RDf.PeuvYKG"], ["role", 1], ["street_address", "411 Bednar Islands"], ["city", "Meredithton"], ["state", "AL"], ["zip", "38219-3812"], ["created_at", "2015-11-30 20:30:53.152883"], ["updated_at", "2015-11-30 20:30:53.152883"]]
  [1m[36m (0.6ms)[0m  [1mCOMMIT[0m
  [1m[35m (0.2ms)[0m  BEGIN
  [1m[36mUser Exists (0.4ms)[0m  [1mSELECT  1 AS one FROM "users" WHERE "users"."username" = 'britneyspears' LIMIT 1[0m
  [1m[35mSQL (0.3ms)[0m  INSERT INTO "users" ("first_name", "last_name", "username", "password_digest", "street_address", "city", "state", "zip", "created_at", "updated_at") VALUES ($1, $2, $3, $4, $5, $6, $7, $8, $9, $10) RETURNING "id"  [["first_name", "Britney"], ["last_name", "Spears"], ["username", "britneyspears"], ["password_digest", "$2a$10$.W8rpNR.xzQy34R6srMt6OLJBU.Nato2lBzbfA7z5unyTX7G8DFRC"], ["street_address", "460 Elaina Viaduct"], ["city", "Sigurdbury"], ["state", "CO"], ["zip", "69932"], ["created_at", "2015-11-30 20:30:53.248904"], ["updated_at", "2015-11-30 20:30:53.248904"]]
  [1m[36m (0.6ms)[0m  [1mCOMMIT[0m
  [1m[35m (0.2ms)[0m  BEGIN
  [1m[36mUser Exists (0.5ms)[0m  [1mSELECT  1 AS one FROM "users" WHERE "users"."username" = 'snoopdogg' LIMIT 1[0m
  [1m[35mSQL (0.3ms)[0m  INSERT INTO "users" ("first_name", "last_name", "username", "password_digest", "street_address", "city", "state", "zip", "created_at", "updated_at") VALUES ($1, $2, $3, $4, $5, $6, $7, $8, $9, $10) RETURNING "id"  [["first_name", "Snoop"], ["last_name", "Dogg"], ["username", "snoopdogg"], ["password_digest", "$2a$10$3e2mK2alCTN2/V/NDD56k.KTAl6M0q.fpW/tKNd0b54.MxP1QaPi6"], ["street_address", "9606 Robel Meadow"], ["city", "Schulistside"], ["state", "WI"], ["zip", "28005"], ["created_at", "2015-11-30 20:30:53.355335"], ["updated_at", "2015-11-30 20:30:53.355335"]]
  [1m[36m (0.4ms)[0m  [1mCOMMIT[0m
  [1m[35mUser Load (0.3ms)[0m  SELECT "users".* FROM "users"
  [1m[36m (0.1ms)[0m  [1mBEGIN[0m
  [1m[35mSQL (0.8ms)[0m  INSERT INTO "orders" ("status", "user_id", "created_at", "updated_at") VALUES ($1, $2, $3, $4) RETURNING "id"  [["status", "ordered"], ["user_id", 1], ["created_at", "2015-11-30 20:30:53.367659"], ["updated_at", "2015-11-30 20:30:53.367659"]]
  [1m[36m (0.3ms)[0m  [1mCOMMIT[0m
  [1m[35m (0.1ms)[0m  BEGIN
  [1m[36mSQL (0.5ms)[0m  [1mINSERT INTO "orders" ("status", "user_id", "created_at", "updated_at") VALUES ($1, $2, $3, $4) RETURNING "id"[0m  [["status", "paid"], ["user_id", 1], ["created_at", "2015-11-30 20:30:53.370878"], ["updated_at", "2015-11-30 20:30:53.370878"]]
  [1m[35m (0.3ms)[0m  COMMIT
  [1m[36m (0.1ms)[0m  [1mBEGIN[0m
  [1m[35mSQL (0.5ms)[0m  INSERT INTO "orders" ("status", "user_id", "created_at", "updated_at") VALUES ($1, $2, $3, $4) RETURNING "id"  [["status", "cancelled"], ["user_id", 2], ["created_at", "2015-11-30 20:30:53.373388"], ["updated_at", "2015-11-30 20:30:53.373388"]]
  [1m[36m (0.4ms)[0m  [1mCOMMIT[0m
  [1m[35m (0.1ms)[0m  BEGIN
  [1m[36mSQL (0.5ms)[0m  [1mINSERT INTO "orders" ("status", "user_id", "created_at", "updated_at") VALUES ($1, $2, $3, $4) RETURNING "id"[0m  [["status", "completed"], ["user_id", 3], ["created_at", "2015-11-30 20:30:53.376049"], ["updated_at", "2015-11-30 20:30:53.376049"]]
  [1m[35m (0.4ms)[0m  COMMIT
  [1m[36m (0.2ms)[0m  [1mBEGIN[0m
  [1m[35mSQL (0.5ms)[0m  INSERT INTO "orders" ("status", "user_id", "created_at", "updated_at") VALUES ($1, $2, $3, $4) RETURNING "id"  [["status", "completed"], ["user_id", 4], ["created_at", "2015-11-30 20:30:53.378927"], ["updated_at", "2015-11-30 20:30:53.378927"]]
  [1m[36m (0.4ms)[0m  [1mCOMMIT[0m
  [1m[35mOrder Load (0.3ms)[0m  SELECT "orders".* FROM "orders"
  [1m[36m (0.2ms)[0m  [1mBEGIN[0m
  [1m[35mSQL (1.7ms)[0m  INSERT INTO "order_stickers" ("quantity", "order_id", "sticker_id", "created_at", "updated_at") VALUES ($1, $2, $3, $4, $5) RETURNING "id"  [["quantity", 3], ["order_id", 1], ["sticker_id", 1], ["created_at", "2015-11-30 20:30:53.391813"], ["updated_at", "2015-11-30 20:30:53.391813"]]
  [1m[36m (0.4ms)[0m  [1mCOMMIT[0m
  [1m[35m (0.2ms)[0m  BEGIN
  [1m[36mSQL (1.3ms)[0m  [1mINSERT INTO "order_stickers" ("quantity", "order_id", "sticker_id", "created_at", "updated_at") VALUES ($1, $2, $3, $4, $5) RETURNING "id"[0m  [["quantity", 2], ["order_id", 1], ["sticker_id", 2], ["created_at", "2015-11-30 20:30:53.396704"], ["updated_at", "2015-11-30 20:30:53.396704"]]
  [1m[35m (0.4ms)[0m  COMMIT
  [1m[36m (0.1ms)[0m  [1mBEGIN[0m
  [1m[35mSQL (0.6ms)[0m  INSERT INTO "order_stickers" ("quantity", "order_id", "sticker_id", "created_at", "updated_at") VALUES ($1, $2, $3, $4, $5) RETURNING "id"  [["quantity", 5], ["order_id", 1], ["sticker_id", 4], ["created_at", "2015-11-30 20:30:53.400531"], ["updated_at", "2015-11-30 20:30:53.400531"]]
  [1m[36m (0.4ms)[0m  [1mCOMMIT[0m
  [1m[35m (0.2ms)[0m  BEGIN
  [1m[36mSQL (1.1ms)[0m  [1mINSERT INTO "order_stickers" ("quantity", "order_id", "sticker_id", "created_at", "updated_at") VALUES ($1, $2, $3, $4, $5) RETURNING "id"[0m  [["quantity", 4], ["order_id", 2], ["sticker_id", 8], ["created_at", "2015-11-30 20:30:53.403384"], ["updated_at", "2015-11-30 20:30:53.403384"]]
  [1m[35m (1.0ms)[0m  COMMIT
  [1m[36m (0.2ms)[0m  [1mBEGIN[0m
  [1m[35mSQL (0.7ms)[0m  INSERT INTO "order_stickers" ("quantity", "order_id", "sticker_id", "created_at", "updated_at") VALUES ($1, $2, $3, $4, $5) RETURNING "id"  [["quantity", 2], ["order_id", 2], ["sticker_id", 5], ["created_at", "2015-11-30 20:30:53.409896"], ["updated_at", "2015-11-30 20:30:53.409896"]]
  [1m[36m (0.4ms)[0m  [1mCOMMIT[0m
  [1m[35m (0.1ms)[0m  BEGIN
  [1m[36mSQL (0.6ms)[0m  [1mINSERT INTO "order_stickers" ("quantity", "order_id", "sticker_id", "created_at", "updated_at") VALUES ($1, $2, $3, $4, $5) RETURNING "id"[0m  [["quantity", 3], ["order_id", 3], ["sticker_id", 1], ["created_at", "2015-11-30 20:30:53.413429"], ["updated_at", "2015-11-30 20:30:53.413429"]]
  [1m[35m (0.3ms)[0m  COMMIT
  [1m[36m (0.1ms)[0m  [1mBEGIN[0m
  [1m[35mSQL (0.3ms)[0m  INSERT INTO "order_stickers" ("quantity", "order_id", "sticker_id", "created_at", "updated_at") VALUES ($1, $2, $3, $4, $5) RETURNING "id"  [["quantity", 6], ["order_id", 4], ["sticker_id", 2], ["created_at", "2015-11-30 20:30:53.416220"], ["updated_at", "2015-11-30 20:30:53.416220"]]
  [1m[36m (0.3ms)[0m  [1mCOMMIT[0m
  [1m[35m (0.1ms)[0m  BEGIN
  [1m[36mSQL (0.3ms)[0m  [1mINSERT INTO "order_stickers" ("quantity", "order_id", "sticker_id", "created_at", "updated_at") VALUES ($1, $2, $3, $4, $5) RETURNING "id"[0m  [["quantity", 2], ["order_id", 5], ["sticker_id", 3], ["created_at", "2015-11-30 20:30:53.418473"], ["updated_at", "2015-11-30 20:30:53.418473"]]
  [1m[35m (0.4ms)[0m  COMMIT
